{"contracts/LockedControl.sol":{"l":{"12":1,"13":1,"14":1,"22":6,"23":4,"31":1,"32":1,"33":1,"37":2,"45":1,"46":1,"47":1,"48":1,"49":1,"58":46,"59":44,"60":44,"70":2,"71":2,"72":2,"73":2,"74":10,"76":2,"77":2,"92":2,"93":2,"94":2,"95":2,"96":10,"97":30,"100":2,"101":2},"path":"/mnt/e/OneDrive/Poolz/alt3/Locked-pools/contracts/LockedControl.sol","s":{"1":1,"2":1,"3":1,"4":6,"5":4,"6":1,"7":1,"8":1,"9":2,"10":1,"11":1,"12":1,"13":1,"14":1,"15":46,"16":44,"17":44,"18":2,"19":2,"20":2,"21":2,"22":10,"23":2,"24":2,"25":2,"26":2,"27":2,"28":2,"29":10,"30":30,"31":2,"32":2},"b":{"1":[2,0],"2":[2,0],"3":[2,0],"4":[2,0]},"f":{"1":1,"2":6,"3":1,"4":2,"5":1,"6":46,"7":2,"8":2},"fnMap":{"1":{"name":"TransferPoolOwnership","line":11,"loc":{"start":{"line":8,"column":4},"end":{"line":15,"column":4}}},"2":{"name":"SplitPoolAmount","line":21,"loc":{"start":{"line":17,"column":4},"end":{"line":24,"column":4}}},"3":{"name":"ApproveAllowance","line":30,"loc":{"start":{"line":26,"column":4},"end":{"line":34,"column":4}}},"4":{"name":"GetPoolAllowance","line":36,"loc":{"start":{"line":36,"column":4},"end":{"line":38,"column":4}}},"5":{"name":"SplitPoolAmountFrom","line":44,"loc":{"start":{"line":40,"column":4},"end":{"line":50,"column":4}}},"6":{"name":"CreateNewPool","line":57,"loc":{"start":{"line":52,"column":4},"end":{"line":61,"column":4}}},"7":{"name":"CreateMassPools","line":68,"loc":{"start":{"line":63,"column":4},"end":{"line":78,"column":4}}},"8":{"name":"CreatePoolsWrtTime","line":89,"loc":{"start":{"line":81,"column":4},"end":{"line":102,"column":4}}}},"statementMap":{"1":{"start":{"line":12,"column":8},"end":{"line":12,"column":45}},"2":{"start":{"line":13,"column":8},"end":{"line":13,"column":29}},"3":{"start":{"line":14,"column":8},"end":{"line":14,"column":68}},"4":{"start":{"line":22,"column":8},"end":{"line":22,"column":66}},"5":{"start":{"line":23,"column":8},"end":{"line":23,"column":21}},"6":{"start":{"line":31,"column":8},"end":{"line":31,"column":45}},"7":{"start":{"line":32,"column":8},"end":{"line":32,"column":41}},"8":{"start":{"line":33,"column":8},"end":{"line":33,"column":53}},"9":{"start":{"line":37,"column":8},"end":{"line":37,"column":52}},"10":{"start":{"line":45,"column":8},"end":{"line":45,"column":62}},"11":{"start":{"line":46,"column":8},"end":{"line":46,"column":45}},"12":{"start":{"line":47,"column":8},"end":{"line":47,"column":78}},"13":{"start":{"line":48,"column":8},"end":{"line":48,"column":45}},"14":{"start":{"line":49,"column":8},"end":{"line":49,"column":21}},"15":{"start":{"line":58,"column":8},"end":{"line":58,"column":56}},"16":{"start":{"line":59,"column":8},"end":{"line":59,"column":78}},"17":{"start":{"line":60,"column":8},"end":{"line":60,"column":21}},"18":{"start":{"line":70,"column":8},"end":{"line":70,"column":73}},"19":{"start":{"line":71,"column":8},"end":{"line":71,"column":76}},"20":{"start":{"line":72,"column":8},"end":{"line":72,"column":35}},"21":{"start":{"line":73,"column":8},"end":{"line":73,"column":2869}},"22":{"start":{"line":74,"column":12},"end":{"line":74,"column":76}},"23":{"start":{"line":76,"column":8},"end":{"line":76,"column":51}},"24":{"start":{"line":77,"column":8},"end":{"line":77,"column":40}},"25":{"start":{"line":92,"column":8},"end":{"line":92,"column":97}},"26":{"start":{"line":93,"column":8},"end":{"line":93,"column":76}},"27":{"start":{"line":94,"column":8},"end":{"line":94,"column":35}},"28":{"start":{"line":95,"column":8},"end":{"line":95,"column":3745}},"29":{"start":{"line":96,"column":12},"end":{"line":96,"column":3807}},"30":{"start":{"line":97,"column":16},"end":{"line":97,"column":80}},"31":{"start":{"line":100,"column":8},"end":{"line":100,"column":51}},"32":{"start":{"line":101,"column":8},"end":{"line":101,"column":40}}},"branchMap":{"1":{"line":70,"type":"if","locations":[{"start":{"line":70,"column":8},"end":{"line":70,"column":8}},{"start":{"line":70,"column":8},"end":{"line":70,"column":8}}]},"2":{"line":71,"type":"if","locations":[{"start":{"line":71,"column":8},"end":{"line":71,"column":8}},{"start":{"line":71,"column":8},"end":{"line":71,"column":8}}]},"3":{"line":92,"type":"if","locations":[{"start":{"line":92,"column":8},"end":{"line":92,"column":8}},{"start":{"line":92,"column":8},"end":{"line":92,"column":8}}]},"4":{"line":93,"type":"if","locations":[{"start":{"line":93,"column":8},"end":{"line":93,"column":8}},{"start":{"line":93,"column":8},"end":{"line":93,"column":8}}]}}},"contracts/LockedDeal.sol":{"l":{"8":7,"16":2,"21":1,"26":1,"27":1,"29":1},"path":"/mnt/e/OneDrive/Poolz/alt3/Locked-pools/contracts/LockedDeal.sol","s":{"1":7,"2":2,"3":1,"4":1,"5":1,"6":1},"b":{"1":[1,1]},"f":{"1":7,"2":2},"fnMap":{"1":{"name":"constructor","line":7,"loc":{"start":{"line":7,"column":4},"end":{"line":9,"column":4}}},"2":{"name":"WithdrawToken","line":14,"loc":{"start":{"line":14,"column":4},"end":{"line":30,"column":4}}}},"statementMap":{"1":{"start":{"line":8,"column":8},"end":{"line":8,"column":21}},"2":{"start":{"line":16,"column":8},"end":{"line":16,"column":432}},"3":{"start":{"line":21,"column":12},"end":{"line":21,"column":588}},"4":{"start":{"line":26,"column":12},"end":{"line":26,"column":39}},"5":{"start":{"line":27,"column":12},"end":{"line":27,"column":23}},"6":{"start":{"line":29,"column":8},"end":{"line":29,"column":20}}},"branchMap":{"1":{"line":16,"type":"if","locations":[{"start":{"line":16,"column":8},"end":{"line":16,"column":8}},{"start":{"line":16,"column":8},"end":{"line":16,"column":8}}]}}},"contracts/LockedPoolz.sol":{"l":{"9":7,"35":48,"36":48,"40":30,"41":28,"45":14,"46":12,"50":1,"51":1,"55":13,"56":11,"60":52,"61":48,"65":16,"66":14,"70":8,"71":4,"75":7,"76":7,"77":5,"78":5,"79":5,"80":5,"91":49,"92":49,"93":49,"94":49,"95":49,"96":49},"path":"/mnt/e/OneDrive/Poolz/alt3/Locked-pools/contracts/LockedPoolz.sol","s":{"1":7,"2":48,"3":30,"4":14,"5":1,"6":13,"7":52,"8":16,"9":8,"10":7,"11":7,"12":5,"13":5,"14":5,"15":5,"16":49,"17":49,"18":49,"19":49,"20":49,"21":49},"b":{"1":[48,0],"2":[28,2],"3":[12,2],"4":[1,0],"5":[11,2],"6":[48,4],"7":[14,2],"8":[4,4],"9":[5,2]},"f":{"1":7,"2":48,"3":30,"4":14,"5":1,"6":13,"7":52,"8":16,"9":8,"10":7,"11":49},"fnMap":{"1":{"name":"constructor","line":8,"loc":{"start":{"line":8,"column":4},"end":{"line":10,"column":4}}},"2":{"name":"isTokenValid","line":34,"loc":{"start":{"line":34,"column":4},"end":{"line":37,"column":4}}},"3":{"name":"isPoolValid","line":39,"loc":{"start":{"line":39,"column":4},"end":{"line":42,"column":4}}},"4":{"name":"isPoolOwner","line":44,"loc":{"start":{"line":44,"column":4},"end":{"line":47,"column":4}}},"5":{"name":"isAllowed","line":49,"loc":{"start":{"line":49,"column":4},"end":{"line":52,"column":4}}},"6":{"name":"isLocked","line":54,"loc":{"start":{"line":54,"column":4},"end":{"line":57,"column":4}}},"7":{"name":"notZeroAddress","line":59,"loc":{"start":{"line":59,"column":4},"end":{"line":62,"column":4}}},"8":{"name":"isGreaterThanZero","line":64,"loc":{"start":{"line":64,"column":4},"end":{"line":67,"column":4}}},"9":{"name":"isBelowLimit","line":69,"loc":{"start":{"line":69,"column":4},"end":{"line":72,"column":4}}},"10":{"name":"SplitPool","line":74,"loc":{"start":{"line":74,"column":4},"end":{"line":81,"column":4}}},"11":{"name":"CreatePool","line":84,"loc":{"start":{"line":84,"column":4},"end":{"line":97,"column":4}}}},"statementMap":{"1":{"start":{"line":9,"column":8},"end":{"line":9,"column":16}},"2":{"start":{"line":35,"column":8},"end":{"line":35,"column":68}},"3":{"start":{"line":40,"column":8},"end":{"line":40,"column":54}},"4":{"start":{"line":45,"column":8},"end":{"line":45,"column":79}},"5":{"start":{"line":50,"column":8},"end":{"line":50,"column":90}},"6":{"start":{"line":55,"column":8},"end":{"line":55,"column":70}},"7":{"start":{"line":60,"column":8},"end":{"line":60,"column":71}},"8":{"start":{"line":65,"column":8},"end":{"line":65,"column":68}},"9":{"start":{"line":70,"column":8},"end":{"line":70,"column":78}},"10":{"start":{"line":75,"column":8},"end":{"line":75,"column":45}},"11":{"start":{"line":76,"column":8},"end":{"line":76,"column":70}},"12":{"start":{"line":77,"column":8},"end":{"line":77,"column":66}},"13":{"start":{"line":78,"column":8},"end":{"line":78,"column":31}},"14":{"start":{"line":79,"column":8},"end":{"line":79,"column":87}},"15":{"start":{"line":80,"column":8},"end":{"line":80,"column":21}},"16":{"start":{"line":91,"column":8},"end":{"line":91,"column":72}},"17":{"start":{"line":92,"column":8},"end":{"line":92,"column":34}},"18":{"start":{"line":93,"column":8},"end":{"line":93,"column":77}},"19":{"start":{"line":94,"column":8},"end":{"line":94,"column":30}},"20":{"start":{"line":95,"column":8},"end":{"line":95,"column":37}},"21":{"start":{"line":96,"column":8},"end":{"line":96,"column":21}}},"branchMap":{"1":{"line":35,"type":"if","locations":[{"start":{"line":35,"column":8},"end":{"line":35,"column":8}},{"start":{"line":35,"column":8},"end":{"line":35,"column":8}}]},"2":{"line":40,"type":"if","locations":[{"start":{"line":40,"column":8},"end":{"line":40,"column":8}},{"start":{"line":40,"column":8},"end":{"line":40,"column":8}}]},"3":{"line":45,"type":"if","locations":[{"start":{"line":45,"column":8},"end":{"line":45,"column":8}},{"start":{"line":45,"column":8},"end":{"line":45,"column":8}}]},"4":{"line":50,"type":"if","locations":[{"start":{"line":50,"column":8},"end":{"line":50,"column":8}},{"start":{"line":50,"column":8},"end":{"line":50,"column":8}}]},"5":{"line":55,"type":"if","locations":[{"start":{"line":55,"column":8},"end":{"line":55,"column":8}},{"start":{"line":55,"column":8},"end":{"line":55,"column":8}}]},"6":{"line":60,"type":"if","locations":[{"start":{"line":60,"column":8},"end":{"line":60,"column":8}},{"start":{"line":60,"column":8},"end":{"line":60,"column":8}}]},"7":{"line":65,"type":"if","locations":[{"start":{"line":65,"column":8},"end":{"line":65,"column":8}},{"start":{"line":65,"column":8},"end":{"line":65,"column":8}}]},"8":{"line":70,"type":"if","locations":[{"start":{"line":70,"column":8},"end":{"line":70,"column":8}},{"start":{"line":70,"column":8},"end":{"line":70,"column":8}}]},"9":{"line":76,"type":"if","locations":[{"start":{"line":76,"column":8},"end":{"line":76,"column":8}},{"start":{"line":76,"column":8},"end":{"line":76,"column":8}}]}}},"contracts/LockedPoolzData.sol":{"l":{"8":2,"22":11,"23":11,"24":11},"path":"/mnt/e/OneDrive/Poolz/alt3/Locked-pools/contracts/LockedPoolzData.sol","s":{"1":2,"2":11,"3":11,"4":11},"b":{"1":[11,0]},"f":{"1":2,"2":11},"fnMap":{"1":{"name":"GetMyPoolsId","line":7,"loc":{"start":{"line":7,"column":4},"end":{"line":9,"column":4}}},"2":{"name":"GetPoolData","line":14,"loc":{"start":{"line":11,"column":4},"end":{"line":30,"column":4}}}},"statementMap":{"1":{"start":{"line":8,"column":8},"end":{"line":8,"column":34}},"2":{"start":{"line":22,"column":8},"end":{"line":22,"column":41}},"3":{"start":{"line":23,"column":8},"end":{"line":23,"column":97}},"4":{"start":{"line":24,"column":8},"end":{"line":24,"column":612}}},"branchMap":{"1":{"line":23,"type":"if","locations":[{"start":{"line":23,"column":8},"end":{"line":23,"column":8}},{"start":{"line":23,"column":8},"end":{"line":23,"column":8}}]}}},"contracts/Manageable.sol":{"l":{"11":7,"12":7,"13":7,"26":1,"30":1,"34":1,"38":48,"42":1,"46":1,"50":1,"54":1,"60":1,"69":1,"73":0,"77":0,"78":0},"path":"/mnt/e/OneDrive/Poolz/alt3/Locked-pools/contracts/Manageable.sol","s":{"1":7,"2":7,"3":7,"4":1,"5":1,"6":1,"7":48,"8":1,"9":1,"10":1,"11":1,"12":1,"13":1,"14":0,"15":0,"16":0},"b":{},"f":{"1":7,"2":1,"3":1,"4":1,"5":48,"6":1,"7":1,"8":1,"9":1,"10":1,"11":1,"12":0,"13":0},"fnMap":{"1":{"name":"constructor","line":10,"loc":{"start":{"line":10,"column":4},"end":{"line":14,"column":4}}},"2":{"name":"setWhiteListAddress","line":25,"loc":{"start":{"line":25,"column":4},"end":{"line":27,"column":4}}},"3":{"name":"setWhiteListId","line":29,"loc":{"start":{"line":29,"column":4},"end":{"line":31,"column":4}}},"4":{"name":"swapTokenFilter","line":33,"loc":{"start":{"line":33,"column":4},"end":{"line":35,"column":4}}},"5":{"name":"isTokenWhiteListed","line":37,"loc":{"start":{"line":37,"column":4},"end":{"line":39,"column":4}}},"6":{"name":"setMaxTransactionLimit","line":41,"loc":{"start":{"line":41,"column":4},"end":{"line":43,"column":4}}},"7":{"name":"GetMinDuration","line":45,"loc":{"start":{"line":45,"column":4},"end":{"line":47,"column":4}}},"8":{"name":"SetMinDuration","line":49,"loc":{"start":{"line":49,"column":4},"end":{"line":51,"column":4}}},"9":{"name":"GetFee","line":53,"loc":{"start":{"line":53,"column":4},"end":{"line":55,"column":4}}},"10":{"name":"SetFee","line":59,"loc":{"start":{"line":57,"column":4},"end":{"line":61,"column":4}}},"11":{"name":"SetPOZFee","line":67,"loc":{"start":{"line":63,"column":4},"end":{"line":70,"column":4}}},"12":{"name":"WithdrawETHFee","line":72,"loc":{"start":{"line":72,"column":4},"end":{"line":74,"column":4}}},"13":{"name":"WithdrawERC20Fee","line":76,"loc":{"start":{"line":76,"column":4},"end":{"line":79,"column":4}}}},"statementMap":{"1":{"start":{"line":11,"column":8},"end":{"line":11,"column":15}},"2":{"start":{"line":12,"column":8},"end":{"line":12,"column":22}},"3":{"start":{"line":13,"column":8},"end":{"line":13,"column":32}},"4":{"start":{"line":26,"column":8},"end":{"line":26,"column":35}},"5":{"start":{"line":30,"column":8},"end":{"line":30,"column":23}},"6":{"start":{"line":34,"column":8},"end":{"line":34,"column":41}},"7":{"start":{"line":38,"column":8},"end":{"line":38,"column":102}},"8":{"start":{"line":42,"column":8},"end":{"line":42,"column":38}},"9":{"start":{"line":46,"column":8},"end":{"line":46,"column":26}},"10":{"start":{"line":50,"column":8},"end":{"line":50,"column":33}},"11":{"start":{"line":54,"column":8},"end":{"line":54,"column":18}},"12":{"start":{"line":60,"column":8},"end":{"line":60,"column":17}},"13":{"start":{"line":69,"column":8},"end":{"line":69,"column":20}},"14":{"start":{"line":73,"column":8},"end":{"line":73,"column":42}},"15":{"start":{"line":77,"column":8},"end":{"line":77,"column":50}},"16":{"start":{"line":78,"column":8},"end":{"line":78,"column":25}}},"branchMap":{}},"contracts/TestToken.sol":{"l":{"33":6,"34":6},"path":"/mnt/e/OneDrive/Poolz/alt3/Locked-pools/contracts/TestToken.sol","s":{"1":6,"2":6},"b":{},"f":{"1":6},"fnMap":{"1":{"name":"constructor","line":32,"loc":{"start":{"line":32,"column":4},"end":{"line":35,"column":4}}}},"statementMap":{"1":{"start":{"line":33,"column":8},"end":{"line":33,"column":24}},"2":{"start":{"line":34,"column":8},"end":{"line":34,"column":38}}},"branchMap":{}}}