{"contracts/ERC20Helper.sol":{"l":{"15":23,"16":23,"23":1,"24":1,"25":1,"26":1,"29":48,"32":23,"33":23,"34":23,"35":23,"36":23,"39":23,"40":0},"path":"/mnt/e/OneDrive/Poolz/Locked-pools/contracts/ERC20Helper.sol","s":{"1":23,"2":1,"3":1,"4":1,"5":1,"6":48,"7":23,"8":23,"9":23,"10":23,"11":23,"12":23,"13":23,"14":0},"b":{"1":[23,0],"2":[1,0],"3":[23,0],"4":[23,0],"5":[23,0]},"f":{"1":23,"2":1,"3":48,"4":23,"5":23},"fnMap":{"1":{"name":"TestAllownce","line":10,"loc":{"start":{"line":10,"column":4},"end":{"line":17,"column":4}}},"2":{"name":"TransferToken","line":18,"loc":{"start":{"line":18,"column":4},"end":{"line":27,"column":4}}},"3":{"name":"CheckBalance","line":28,"loc":{"start":{"line":28,"column":4},"end":{"line":30,"column":4}}},"4":{"name":"TransferInToken","line":31,"loc":{"start":{"line":31,"column":4},"end":{"line":37,"column":4}}},"5":{"name":"IsERC20","line":38,"loc":{"start":{"line":38,"column":4},"end":{"line":41,"column":4}}}},"statementMap":{"1":{"start":{"line":15,"column":8},"end":{"line":15,"column":88}},"2":{"start":{"line":23,"column":8},"end":{"line":23,"column":64}},"3":{"start":{"line":24,"column":8},"end":{"line":24,"column":51}},"4":{"start":{"line":25,"column":8},"end":{"line":25,"column":48}},"5":{"start":{"line":26,"column":8},"end":{"line":26,"column":89}},"6":{"start":{"line":29,"column":8},"end":{"line":29,"column":48}},"7":{"start":{"line":32,"column":8},"end":{"line":32,"column":65}},"8":{"start":{"line":33,"column":8},"end":{"line":33,"column":64}},"9":{"start":{"line":34,"column":8},"end":{"line":34,"column":67}},"10":{"start":{"line":35,"column":8},"end":{"line":35,"column":50}},"11":{"start":{"line":36,"column":8},"end":{"line":36,"column":87}},"12":{"start":{"line":39,"column":8},"end":{"line":39,"column":66}},"13":{"start":{"line":39,"column":55},"end":{"line":39,"column":66}},"14":{"start":{"line":40,"column":8},"end":{"line":40,"column":20}}},"branchMap":{"1":{"line":15,"type":"if","locations":[{"start":{"line":15,"column":8},"end":{"line":15,"column":8}},{"start":{"line":15,"column":8},"end":{"line":15,"column":8}}]},"2":{"line":26,"type":"if","locations":[{"start":{"line":26,"column":8},"end":{"line":26,"column":8}},{"start":{"line":26,"column":8},"end":{"line":26,"column":8}}]},"3":{"line":32,"type":"if","locations":[{"start":{"line":32,"column":8},"end":{"line":32,"column":8}},{"start":{"line":32,"column":8},"end":{"line":32,"column":8}}]},"4":{"line":36,"type":"if","locations":[{"start":{"line":36,"column":8},"end":{"line":36,"column":8}},{"start":{"line":36,"column":8},"end":{"line":36,"column":8}}]},"5":{"line":39,"type":"if","locations":[{"start":{"line":39,"column":8},"end":{"line":39,"column":8}},{"start":{"line":39,"column":8},"end":{"line":39,"column":8}}]}}},"contracts/IPozBenefit.sol":{"l":{},"path":"/mnt/e/OneDrive/Poolz/Locked-pools/contracts/IPozBenefit.sol","s":{},"b":{},"f":{},"fnMap":{},"statementMap":{},"branchMap":{}},"contracts/LockedDeal.sol":{"l":{"9":5,"15":0,"16":0,"17":0,"18":0,"19":0,"22":0,"23":0,"26":0,"32":2,"37":1,"42":1,"43":1,"45":1},"path":"/mnt/e/OneDrive/Poolz/Locked-pools/contracts/LockedDeal.sol","s":{"1":5,"2":0,"3":0,"4":0,"5":0,"6":0,"7":0,"8":0,"9":0,"10":2,"11":1,"12":1,"13":1,"14":1},"b":{"1":[0,0],"2":[0,0],"3":[1,1]},"f":{"1":5,"2":0,"3":2},"fnMap":{"1":{"name":"constructor","line":8,"loc":{"start":{"line":8,"column":4},"end":{"line":10,"column":4}}},"2":{"name":"Work","line":14,"loc":{"start":{"line":14,"column":4},"end":{"line":27,"column":4}}},"3":{"name":"WithdrawToken","line":30,"loc":{"start":{"line":30,"column":4},"end":{"line":46,"column":4}}}},"statementMap":{"1":{"start":{"line":9,"column":8},"end":{"line":9,"column":21}},"2":{"start":{"line":15,"column":8},"end":{"line":15,"column":28}},"3":{"start":{"line":16,"column":8},"end":{"line":16,"column":28}},"4":{"start":{"line":17,"column":8},"end":{"line":17,"column":392}},"5":{"start":{"line":18,"column":12},"end":{"line":18,"column":48}},"6":{"start":{"line":19,"column":12},"end":{"line":19,"column":518}},"7":{"start":{"line":22,"column":16},"end":{"line":22,"column":31}},"8":{"start":{"line":23,"column":16},"end":{"line":23,"column":37}},"9":{"start":{"line":26,"column":8},"end":{"line":26,"column":23}},"10":{"start":{"line":32,"column":8},"end":{"line":32,"column":970}},"11":{"start":{"line":37,"column":12},"end":{"line":37,"column":1126}},"12":{"start":{"line":42,"column":12},"end":{"line":42,"column":39}},"13":{"start":{"line":43,"column":12},"end":{"line":43,"column":23}},"14":{"start":{"line":45,"column":8},"end":{"line":45,"column":20}}},"branchMap":{"1":{"line":18,"type":"if","locations":[{"start":{"line":18,"column":12},"end":{"line":18,"column":12}},{"start":{"line":18,"column":12},"end":{"line":18,"column":12}}]},"2":{"line":19,"type":"if","locations":[{"start":{"line":19,"column":12},"end":{"line":19,"column":12}},{"start":{"line":19,"column":12},"end":{"line":19,"column":12}}]},"3":{"line":32,"type":"if","locations":[{"start":{"line":32,"column":8},"end":{"line":32,"column":8}},{"start":{"line":32,"column":8},"end":{"line":32,"column":8}}]}}},"contracts/LockedPoolz.sol":{"l":{"10":5,"36":23,"37":23,"41":3,"42":3,"46":3,"47":3,"51":1,"52":1,"53":1,"57":2,"58":2,"59":2,"60":2,"61":2,"65":1,"73":1,"74":1,"85":25,"86":25,"87":25,"88":25,"97":23,"98":23,"99":23,"108":1,"109":1,"110":1,"111":1,"112":5,"122":1,"123":1,"124":1,"125":5,"126":15},"path":"/mnt/e/OneDrive/Poolz/Locked-pools/contracts/LockedPoolz.sol","s":{"1":5,"2":23,"3":3,"4":3,"5":1,"6":1,"7":1,"8":2,"9":2,"10":2,"11":2,"12":2,"13":1,"14":1,"15":1,"16":25,"17":25,"18":25,"19":25,"20":23,"21":23,"22":23,"23":1,"24":1,"25":1,"26":1,"27":5,"28":1,"29":1,"30":1,"31":5,"32":15},"b":{"1":[23,0],"2":[3,0],"3":[3,0],"4":[2,0],"5":[1,0],"6":[23,0],"7":[1,0],"8":[1,0],"9":[1,0],"10":[1,0],"11":[1,0]},"f":{"1":5,"2":23,"3":3,"4":3,"5":1,"6":2,"7":1,"8":1,"9":25,"10":23,"11":1,"12":1},"fnMap":{"1":{"name":"constructor","line":9,"loc":{"start":{"line":9,"column":4},"end":{"line":11,"column":4}}},"2":{"name":"isTokenValid","line":35,"loc":{"start":{"line":35,"column":4},"end":{"line":38,"column":4}}},"3":{"name":"isPoolOwner","line":40,"loc":{"start":{"line":40,"column":4},"end":{"line":43,"column":4}}},"4":{"name":"isLocked","line":45,"loc":{"start":{"line":45,"column":4},"end":{"line":48,"column":4}}},"5":{"name":"TransferPoolOwnership","line":50,"loc":{"start":{"line":50,"column":4},"end":{"line":54,"column":4}}},"6":{"name":"SplitPool","line":56,"loc":{"start":{"line":56,"column":4},"end":{"line":62,"column":4}}},"7":{"name":"SplitPoolAmount","line":64,"loc":{"start":{"line":64,"column":4},"end":{"line":66,"column":4}}},"8":{"name":"ApproveAllowance","line":72,"loc":{"start":{"line":68,"column":4},"end":{"line":75,"column":4}}},"9":{"name":"CreatePool","line":78,"loc":{"start":{"line":78,"column":4},"end":{"line":89,"column":4}}},"10":{"name":"CreateNewPool","line":96,"loc":{"start":{"line":91,"column":4},"end":{"line":100,"column":4}}},"11":{"name":"CreateMassPools","line":102,"loc":{"start":{"line":102,"column":4},"end":{"line":114,"column":4}}},"12":{"name":"CreatePoolsWrtTime","line":116,"loc":{"start":{"line":116,"column":4},"end":{"line":129,"column":4}}}},"statementMap":{"1":{"start":{"line":10,"column":8},"end":{"line":10,"column":16}},"2":{"start":{"line":36,"column":8},"end":{"line":36,"column":57}},"3":{"start":{"line":41,"column":8},"end":{"line":41,"column":79}},"4":{"start":{"line":46,"column":8},"end":{"line":46,"column":70}},"5":{"start":{"line":51,"column":8},"end":{"line":51,"column":45}},"6":{"start":{"line":52,"column":8},"end":{"line":52,"column":29}},"7":{"start":{"line":53,"column":8},"end":{"line":53,"column":68}},"8":{"start":{"line":57,"column":8},"end":{"line":57,"column":45}},"9":{"start":{"line":58,"column":8},"end":{"line":58,"column":70}},"10":{"start":{"line":59,"column":8},"end":{"line":59,"column":66}},"11":{"start":{"line":60,"column":8},"end":{"line":60,"column":31}},"12":{"start":{"line":61,"column":8},"end":{"line":61,"column":69}},"13":{"start":{"line":65,"column":8},"end":{"line":65,"column":49}},"14":{"start":{"line":73,"column":8},"end":{"line":73,"column":64}},"15":{"start":{"line":74,"column":8},"end":{"line":74,"column":48}},"16":{"start":{"line":85,"column":8},"end":{"line":85,"column":72}},"17":{"start":{"line":86,"column":8},"end":{"line":86,"column":34}},"18":{"start":{"line":87,"column":8},"end":{"line":87,"column":77}},"19":{"start":{"line":88,"column":8},"end":{"line":88,"column":37}},"20":{"start":{"line":97,"column":8},"end":{"line":97,"column":61}},"21":{"start":{"line":98,"column":8},"end":{"line":98,"column":56}},"22":{"start":{"line":99,"column":8},"end":{"line":99,"column":60}},"23":{"start":{"line":108,"column":8},"end":{"line":108,"column":81}},"24":{"start":{"line":109,"column":8},"end":{"line":109,"column":73}},"25":{"start":{"line":110,"column":8},"end":{"line":110,"column":76}},"26":{"start":{"line":111,"column":8},"end":{"line":111,"column":3992}},"27":{"start":{"line":112,"column":12},"end":{"line":112,"column":76}},"28":{"start":{"line":122,"column":8},"end":{"line":122,"column":102}},"29":{"start":{"line":123,"column":8},"end":{"line":123,"column":76}},"30":{"start":{"line":124,"column":8},"end":{"line":124,"column":4508}},"31":{"start":{"line":125,"column":12},"end":{"line":125,"column":4570}},"32":{"start":{"line":126,"column":16},"end":{"line":126,"column":80}}},"branchMap":{"1":{"line":36,"type":"if","locations":[{"start":{"line":36,"column":8},"end":{"line":36,"column":8}},{"start":{"line":36,"column":8},"end":{"line":36,"column":8}}]},"2":{"line":41,"type":"if","locations":[{"start":{"line":41,"column":8},"end":{"line":41,"column":8}},{"start":{"line":41,"column":8},"end":{"line":41,"column":8}}]},"3":{"line":46,"type":"if","locations":[{"start":{"line":46,"column":8},"end":{"line":46,"column":8}},{"start":{"line":46,"column":8},"end":{"line":46,"column":8}}]},"4":{"line":58,"type":"if","locations":[{"start":{"line":58,"column":8},"end":{"line":58,"column":8}},{"start":{"line":58,"column":8},"end":{"line":58,"column":8}}]},"5":{"line":73,"type":"if","locations":[{"start":{"line":73,"column":8},"end":{"line":73,"column":8}},{"start":{"line":73,"column":8},"end":{"line":73,"column":8}}]},"6":{"line":97,"type":"if","locations":[{"start":{"line":97,"column":8},"end":{"line":97,"column":8}},{"start":{"line":97,"column":8},"end":{"line":97,"column":8}}]},"7":{"line":108,"type":"if","locations":[{"start":{"line":108,"column":8},"end":{"line":108,"column":8}},{"start":{"line":108,"column":8},"end":{"line":108,"column":8}}]},"8":{"line":109,"type":"if","locations":[{"start":{"line":109,"column":8},"end":{"line":109,"column":8}},{"start":{"line":109,"column":8},"end":{"line":109,"column":8}}]},"9":{"line":110,"type":"if","locations":[{"start":{"line":110,"column":8},"end":{"line":110,"column":8}},{"start":{"line":110,"column":8},"end":{"line":110,"column":8}}]},"10":{"line":122,"type":"if","locations":[{"start":{"line":122,"column":8},"end":{"line":122,"column":8}},{"start":{"line":122,"column":8},"end":{"line":122,"column":8}}]},"11":{"line":123,"type":"if","locations":[{"start":{"line":123,"column":8},"end":{"line":123,"column":8}},{"start":{"line":123,"column":8},"end":{"line":123,"column":8}}]}}},"contracts/LockedPoolzData.sol":{"l":{"9":2,"22":5,"23":5,"24":5},"path":"/mnt/e/OneDrive/Poolz/Locked-pools/contracts/LockedPoolzData.sol","s":{"1":2,"2":5,"3":5,"4":5},"b":{"1":[5,0],"2":[5,0]},"f":{"1":2,"2":5},"fnMap":{"1":{"name":"GetMyPoolsId","line":8,"loc":{"start":{"line":8,"column":4},"end":{"line":10,"column":4}}},"2":{"name":"GetPoolData","line":12,"loc":{"start":{"line":12,"column":4},"end":{"line":30,"column":4}}}},"statementMap":{"1":{"start":{"line":9,"column":8},"end":{"line":9,"column":34}},"2":{"start":{"line":22,"column":8},"end":{"line":22,"column":39}},"3":{"start":{"line":23,"column":8},"end":{"line":23,"column":72}},"4":{"start":{"line":24,"column":8},"end":{"line":24,"column":600}}},"branchMap":{"1":{"line":22,"type":"if","locations":[{"start":{"line":22,"column":8},"end":{"line":22,"column":8}},{"start":{"line":22,"column":8},"end":{"line":22,"column":8}}]},"2":{"line":23,"type":"if","locations":[{"start":{"line":23,"column":8},"end":{"line":23,"column":8}},{"start":{"line":23,"column":8},"end":{"line":23,"column":8}}]}}},"contracts/Manageable.sol":{"l":{"9":5,"10":5,"18":0,"22":0,"25":0,"31":0,"40":0,"44":0,"48":0,"49":0},"path":"/mnt/e/OneDrive/Poolz/Locked-pools/contracts/Manageable.sol","s":{"1":5,"2":5,"3":0,"4":0,"5":0,"6":0,"7":0,"8":0,"9":0,"10":0},"b":{},"f":{"1":5,"2":0,"3":0,"4":0,"5":0,"6":0,"7":0,"8":0},"fnMap":{"1":{"name":"constructor","line":8,"loc":{"start":{"line":8,"column":4},"end":{"line":11,"column":4}}},"2":{"name":"GetMinDuration","line":17,"loc":{"start":{"line":17,"column":4},"end":{"line":19,"column":4}}},"3":{"name":"SetMinDuration","line":21,"loc":{"start":{"line":21,"column":4},"end":{"line":23,"column":4}}},"4":{"name":"GetFee","line":24,"loc":{"start":{"line":24,"column":8},"end":{"line":26,"column":4}}},"5":{"name":"SetFee","line":30,"loc":{"start":{"line":28,"column":4},"end":{"line":32,"column":4}}},"6":{"name":"SetPOZFee","line":38,"loc":{"start":{"line":34,"column":4},"end":{"line":41,"column":4}}},"7":{"name":"WithdrawETHFee","line":43,"loc":{"start":{"line":43,"column":4},"end":{"line":45,"column":4}}},"8":{"name":"WithdrawERC20Fee","line":47,"loc":{"start":{"line":47,"column":4},"end":{"line":50,"column":4}}}},"statementMap":{"1":{"start":{"line":9,"column":8},"end":{"line":9,"column":15}},"2":{"start":{"line":10,"column":8},"end":{"line":10,"column":22}},"3":{"start":{"line":18,"column":8},"end":{"line":18,"column":26}},"4":{"start":{"line":22,"column":8},"end":{"line":22,"column":33}},"5":{"start":{"line":25,"column":8},"end":{"line":25,"column":18}},"6":{"start":{"line":31,"column":8},"end":{"line":31,"column":17}},"7":{"start":{"line":40,"column":8},"end":{"line":40,"column":20}},"8":{"start":{"line":44,"column":8},"end":{"line":44,"column":42}},"9":{"start":{"line":48,"column":8},"end":{"line":48,"column":50}},"10":{"start":{"line":49,"column":8},"end":{"line":49,"column":25}}},"branchMap":{}},"contracts/PozBenefit.sol":{"l":{"11":5,"12":5,"13":5,"14":5,"23":0,"27":0,"32":0,"40":0,"44":0,"48":0,"52":0,"55":0,"59":0,"60":0},"path":"/mnt/e/OneDrive/Poolz/Locked-pools/contracts/PozBenefit.sol","s":{"1":5,"2":5,"3":5,"4":5,"5":0,"6":0,"7":0,"8":0,"9":0,"10":0,"11":0,"12":0,"13":0,"14":0,"15":0,"16":0,"17":0},"b":{"1":[0,0],"2":[0,0],"3":[0,0]},"f":{"1":5,"2":0,"3":0,"4":0,"5":0,"6":0,"7":0,"8":0,"9":0,"10":0},"fnMap":{"1":{"name":"constructor","line":10,"loc":{"start":{"line":10,"column":4},"end":{"line":15,"column":4}}},"2":{"name":"PercentCheckOk","line":22,"loc":{"start":{"line":22,"column":4},"end":{"line":25,"column":4}}},"3":{"name":"LeftIsBigger","line":26,"loc":{"start":{"line":26,"column":4},"end":{"line":29,"column":4}}},"4":{"name":"GetPozTimer","line":31,"loc":{"start":{"line":31,"column":4},"end":{"line":33,"column":4}}},"5":{"name":"SetPozTimer","line":38,"loc":{"start":{"line":35,"column":4},"end":{"line":41,"column":4}}},"6":{"name":"GetPOZFee","line":43,"loc":{"start":{"line":43,"column":4},"end":{"line":45,"column":4}}},"7":{"name":"GetMinPoz","line":47,"loc":{"start":{"line":47,"column":4},"end":{"line":49,"column":4}}},"8":{"name":"SetMinPoz","line":51,"loc":{"start":{"line":51,"column":4},"end":{"line":53,"column":4}}},"9":{"name":"SetPozAdress","line":54,"loc":{"start":{"line":54,"column":4},"end":{"line":56,"column":4}}},"10":{"name":"IsPOZInvestor","line":58,"loc":{"start":{"line":58,"column":4},"end":{"line":61,"column":4}}}},"statementMap":{"1":{"start":{"line":11,"column":8},"end":{"line":11,"column":18}},"2":{"start":{"line":12,"column":8},"end":{"line":12,"column":22}},"3":{"start":{"line":13,"column":8},"end":{"line":13,"column":18}},"4":{"start":{"line":14,"column":8},"end":{"line":14,"column":33}},"5":{"start":{"line":23,"column":8},"end":{"line":23,"column":857}},"6":{"start":{"line":24,"column":13},"end":{"line":24,"column":34}},"7":{"start":{"line":27,"column":8},"end":{"line":27,"column":987}},"8":{"start":{"line":28,"column":13},"end":{"line":28,"column":32}},"9":{"start":{"line":32,"column":8},"end":{"line":32,"column":23}},"10":{"start":{"line":40,"column":8},"end":{"line":40,"column":27}},"11":{"start":{"line":44,"column":8},"end":{"line":44,"column":21}},"12":{"start":{"line":48,"column":8},"end":{"line":48,"column":21}},"13":{"start":{"line":52,"column":8},"end":{"line":52,"column":23}},"14":{"start":{"line":55,"column":8},"end":{"line":55,"column":33}},"15":{"start":{"line":59,"column":8},"end":{"line":59,"column":52}},"16":{"start":{"line":59,"column":41},"end":{"line":59,"column":52}},"17":{"start":{"line":60,"column":8},"end":{"line":60,"column":113}}},"branchMap":{"1":{"line":23,"type":"if","locations":[{"start":{"line":23,"column":8},"end":{"line":23,"column":8}},{"start":{"line":23,"column":8},"end":{"line":23,"column":8}}]},"2":{"line":27,"type":"if","locations":[{"start":{"line":27,"column":8},"end":{"line":27,"column":8}},{"start":{"line":27,"column":8},"end":{"line":27,"column":8}}]},"3":{"line":59,"type":"if","locations":[{"start":{"line":59,"column":8},"end":{"line":59,"column":8}},{"start":{"line":59,"column":8},"end":{"line":59,"column":8}}]}}},"contracts/TestToken.sol":{"l":{"33":5,"34":5},"path":"/mnt/e/OneDrive/Poolz/Locked-pools/contracts/TestToken.sol","s":{"1":5,"2":5},"b":{},"f":{"1":5},"fnMap":{"1":{"name":"constructor","line":32,"loc":{"start":{"line":32,"column":4},"end":{"line":35,"column":4}}}},"statementMap":{"1":{"start":{"line":33,"column":8},"end":{"line":33,"column":24}},"2":{"start":{"line":34,"column":8},"end":{"line":34,"column":38}}},"branchMap":{}}}