{
"contracts/ERC20Helper.sol":{"l":{"15":24,"16":24,"23":1,"24":1,"25":1,"26":1,"29":50,"32":24,"33":24,"34":24,"35":24,"36":24,"39":28,"40":0},"path":"/mnt/e/OneDrive/Poolz/Locked-pools/contracts/ERC20Helper.sol","s":{"1":24,"2":1,"3":1,"4":1,"5":1,"6":50,"7":24,"8":24,"9":24,"10":24,"11":24,"12":28,"13":26,"14":0},"b":{"1":[24,0],"2":[1,0],"3":[24,0],"4":[24,0],"5":[26,0]},"f":{"1":24,"2":1,"3":50,"4":24,"5":28},"fnMap":{"1":{"name":"TestAllownce","line":10,"loc":{"start":{"line":10,"column":4},"end":{"line":17,"column":4}}},"2":{"name":"TransferToken","line":18,"loc":{"start":{"line":18,"column":4},"end":{"line":27,"column":4}}},"3":{"name":"CheckBalance","line":28,"loc":{"start":{"line":28,"column":4},"end":{"line":30,"column":4}}},"4":{"name":"TransferInToken","line":31,"loc":{"start":{"line":31,"column":4},"end":{"line":37,"column":4}}},"5":{"name":"IsERC20","line":38,"loc":{"start":{"line":38,"column":4},"end":{"line":41,"column":4}}}},"statementMap":{"1":{"start":{"line":15,"column":8},"end":{"line":15,"column":88}},"2":{"start":{"line":23,"column":8},"end":{"line":23,"column":64}},"3":{"start":{"line":24,"column":8},"end":{"line":24,"column":51}},"4":{"start":{"line":25,"column":8},"end":{"line":25,"column":48}},"5":{"start":{"line":26,"column":8},"end":{"line":26,"column":89}},"6":{"start":{"line":29,"column":8},"end":{"line":29,"column":48}},"7":{"start":{"line":32,"column":8},"end":{"line":32,"column":65}},"8":{"start":{"line":33,"column":8},"end":{"line":33,"column":64}},"9":{"start":{"line":34,"column":8},"end":{"line":34,"column":67}},"10":{"start":{"line":35,"column":8},"end":{"line":35,"column":50}},"11":{"start":{"line":36,"column":8},"end":{"line":36,"column":87}},"12":{"start":{"line":39,"column":8},"end":{"line":39,"column":66}},"13":{"start":{"line":39,"column":55},"end":{"line":39,"column":66}},"14":{"start":{"line":40,"column":8},"end":{"line":40,"column":20}}},"branchMap":{"1":{"line":15,"type":"if","locations":[{"start":{"line":15,"column":8},"end":{"line":15,"column":8}},{"start":{"line":15,"column":8},"end":{"line":15,"column":8}}]},"2":{"line":26,"type":"if","locations":[{"start":{"line":26,"column":8},"end":{"line":26,"column":8}},{"start":{"line":26,"column":8},"end":{"line":26,"column":8}}]},"3":{"line":32,"type":"if","locations":[{"start":{"line":32,"column":8},"end":{"line":32,"column":8}},{"start":{"line":32,"column":8},"end":{"line":32,"column":8}}]},"4":{"line":36,"type":"if","locations":[{"start":{"line":36,"column":8},"end":{"line":36,"column":8}},{"start":{"line":36,"column":8},"end":{"line":36,"column":8}}]},"5":{"line":39,"type":"if","locations":[{"start":{"line":39,"column":8},"end":{"line":39,"column":8}},{"start":{"line":39,"column":8},"end":{"line":39,"column":8}}]}}},
"contracts/IPozBenefit.sol":{"l":{},"path":"/mnt/e/OneDrive/Poolz/Locked-pools/contracts/IPozBenefit.sol","s":{},"b":{},"f":{},"fnMap":{},"statementMap":{},"branchMap":{}},
"contracts/LockedDeal.sol":{"l":{"9":5,"15":0,"16":0,"17":0,"18":0,"19":0,"22":0,"23":0,"26":0,"32":2,"37":1,"42":1,"43":1,"45":1},"path":"/mnt/e/OneDrive/Poolz/Locked-pools/contracts/LockedDeal.sol","s":{"1":5,"2":0,"3":0,"4":0,"5":0,"6":0,"7":0,"8":0,"9":0,"10":2,"11":1,"12":1,"13":1,"14":1},"b":{"1":[0,0],"2":[0,0],"3":[1,1]},"f":{"1":5,"2":0,"3":2},"fnMap":{"1":{"name":"constructor","line":8,"loc":{"start":{"line":8,"column":4},"end":{"line":10,"column":4}}},"2":{"name":"Work","line":14,"loc":{"start":{"line":14,"column":4},"end":{"line":27,"column":4}}},"3":{"name":"WithdrawToken","line":30,"loc":{"start":{"line":30,"column":4},"end":{"line":46,"column":4}}}},"statementMap":{"1":{"start":{"line":9,"column":8},"end":{"line":9,"column":21}},"2":{"start":{"line":15,"column":8},"end":{"line":15,"column":28}},"3":{"start":{"line":16,"column":8},"end":{"line":16,"column":28}},"4":{"start":{"line":17,"column":8},"end":{"line":17,"column":392}},"5":{"start":{"line":18,"column":12},"end":{"line":18,"column":48}},"6":{"start":{"line":19,"column":12},"end":{"line":19,"column":518}},"7":{"start":{"line":22,"column":16},"end":{"line":22,"column":31}},"8":{"start":{"line":23,"column":16},"end":{"line":23,"column":37}},"9":{"start":{"line":26,"column":8},"end":{"line":26,"column":23}},"10":{"start":{"line":32,"column":8},"end":{"line":32,"column":970}},"11":{"start":{"line":37,"column":12},"end":{"line":37,"column":1126}},"12":{"start":{"line":42,"column":12},"end":{"line":42,"column":39}},"13":{"start":{"line":43,"column":12},"end":{"line":43,"column":23}},"14":{"start":{"line":45,"column":8},"end":{"line":45,"column":20}}},"branchMap":{"1":{"line":18,"type":"if","locations":[{"start":{"line":18,"column":12},"end":{"line":18,"column":12}},{"start":{"line":18,"column":12},"end":{"line":18,"column":12}}]},"2":{"line":19,"type":"if","locations":[{"start":{"line":19,"column":12},"end":{"line":19,"column":12}},{"start":{"line":19,"column":12},"end":{"line":19,"column":12}}]},"3":{"line":32,"type":"if","locations":[{"start":{"line":32,"column":8},"end":{"line":32,"column":8}},{"start":{"line":32,"column":8},"end":{"line":32,"column":8}}]}}},
"contracts/LockedPoolz.sol":{"l":{"10":5,"37":28,"38":26,"42":11,"43":9,"47":9,"48":7,"52":30,"53":26,"60":1,"61":1,"62":1,"66":4,"67":4,"68":2,"69":2,"70":2,"77":3,"85":1,"96":26,"97":26,"98":26,"99":26,"108":24,"109":24,"118":1,"119":1,"120":1,"121":1,"122":5,"133":1,"134":1,"135":1,"136":5,"137":15},"path":"/mnt/e/OneDrive/Poolz/Locked-pools/contracts/LockedPoolz.sol","s":{"1":5,"2":28,"3":11,"4":9,"5":30,"6":1,"7":1,"8":1,"9":4,"10":4,"11":2,"12":2,"13":2,"14":3,"15":1,"16":26,"17":26,"18":26,"19":26,"20":24,"21":24,"22":1,"23":1,"24":1,"25":1,"26":5,"27":1,"28":1,"29":1,"30":5,"31":15},"b":{"1":[26,2],"2":[9,2],"3":[7,2],"4":[26,4],"5":[2,2],"6":[1,0],"7":[1,0],"8":[1,0],"9":[1,0],"10":[1,0]},"f":{"1":5,"2":28,"3":11,"4":9,"5":30,"6":1,"7":4,"8":3,"9":1,"10":26,"11":24,"12":1,"13":1},"fnMap":{"1":{"name":"constructor","line":9,"loc":{"start":{"line":9,"column":4},"end":{"line":11,"column":4}}},"2":{"name":"isTokenValid","line":35,"loc":{"start":{"line":35,"column":4},"end":{"line":39,"column":4}}},"3":{"name":"isPoolOwner","line":41,"loc":{"start":{"line":41,"column":4},"end":{"line":44,"column":4}}},"4":{"name":"isLocked","line":46,"loc":{"start":{"line":46,"column":4},"end":{"line":49,"column":4}}},"5":{"name":"notZeroAddress","line":51,"loc":{"start":{"line":51,"column":4},"end":{"line":54,"column":4}}},"6":{"name":"TransferPoolOwnership","line":59,"loc":{"start":{"line":56,"column":4},"end":{"line":63,"column":4}}},"7":{"name":"SplitPool","line":65,"loc":{"start":{"line":65,"column":4},"end":{"line":71,"column":4}}},"8":{"name":"SplitPoolAmount","line":76,"loc":{"start":{"line":73,"column":4},"end":{"line":78,"column":4}}},"9":{"name":"ApproveAllowance","line":84,"loc":{"start":{"line":80,"column":4},"end":{"line":86,"column":4}}},"10":{"name":"CreatePool","line":89,"loc":{"start":{"line":89,"column":4},"end":{"line":100,"column":4}}},"11":{"name":"CreateNewPool","line":107,"loc":{"start":{"line":102,"column":4},"end":{"line":110,"column":4}}},"12":{"name":"CreateMassPools","line":112,"loc":{"start":{"line":112,"column":4},"end":{"line":124,"column":4}}},"13":{"name":"CreatePoolsWrtTime","line":127,"loc":{"start":{"line":127,"column":4},"end":{"line":140,"column":4}}}},"statementMap":{"1":{"start":{"line":10,"column":8},"end":{"line":10,"column":16}},"2":{"start":{"line":37,"column":8},"end":{"line":37,"column":57}},"3":{"start":{"line":42,"column":8},"end":{"line":42,"column":79}},"4":{"start":{"line":47,"column":8},"end":{"line":47,"column":70}},"5":{"start":{"line":52,"column":8},"end":{"line":52,"column":71}},"6":{"start":{"line":60,"column":8},"end":{"line":60,"column":45}},"7":{"start":{"line":61,"column":8},"end":{"line":61,"column":29}},"8":{"start":{"line":62,"column":8},"end":{"line":62,"column":68}},"9":{"start":{"line":66,"column":8},"end":{"line":66,"column":45}},"10":{"start":{"line":67,"column":8},"end":{"line":67,"column":70}},"11":{"start":{"line":68,"column":8},"end":{"line":68,"column":66}},"12":{"start":{"line":69,"column":8},"end":{"line":69,"column":31}},"13":{"start":{"line":70,"column":8},"end":{"line":70,"column":69}},"14":{"start":{"line":77,"column":8},"end":{"line":77,"column":49}},"15":{"start":{"line":85,"column":8},"end":{"line":85,"column":48}},"16":{"start":{"line":96,"column":8},"end":{"line":96,"column":72}},"17":{"start":{"line":97,"column":8},"end":{"line":97,"column":34}},"18":{"start":{"line":98,"column":8},"end":{"line":98,"column":77}},"19":{"start":{"line":99,"column":8},"end":{"line":99,"column":37}},"20":{"start":{"line":108,"column":8},"end":{"line":108,"column":56}},"21":{"start":{"line":109,"column":8},"end":{"line":109,"column":60}},"22":{"start":{"line":118,"column":8},"end":{"line":118,"column":81}},"23":{"start":{"line":119,"column":8},"end":{"line":119,"column":73}},"24":{"start":{"line":120,"column":8},"end":{"line":120,"column":76}},"25":{"start":{"line":121,"column":8},"end":{"line":121,"column":4145}},"26":{"start":{"line":122,"column":12},"end":{"line":122,"column":76}},"27":{"start":{"line":133,"column":8},"end":{"line":133,"column":102}},"28":{"start":{"line":134,"column":8},"end":{"line":134,"column":76}},"29":{"start":{"line":135,"column":8},"end":{"line":135,"column":4709}},"30":{"start":{"line":136,"column":12},"end":{"line":136,"column":4771}},"31":{"start":{"line":137,"column":16},"end":{"line":137,"column":80}}},"branchMap":{"1":{"line":37,"type":"if","locations":[{"start":{"line":37,"column":8},"end":{"line":37,"column":8}},{"start":{"line":37,"column":8},"end":{"line":37,"column":8}}]},"2":{"line":42,"type":"if","locations":[{"start":{"line":42,"column":8},"end":{"line":42,"column":8}},{"start":{"line":42,"column":8},"end":{"line":42,"column":8}}]},"3":{"line":47,"type":"if","locations":[{"start":{"line":47,"column":8},"end":{"line":47,"column":8}},{"start":{"line":47,"column":8},"end":{"line":47,"column":8}}]},"4":{"line":52,"type":"if","locations":[{"start":{"line":52,"column":8},"end":{"line":52,"column":8}},{"start":{"line":52,"column":8},"end":{"line":52,"column":8}}]},"5":{"line":67,"type":"if","locations":[{"start":{"line":67,"column":8},"end":{"line":67,"column":8}},{"start":{"line":67,"column":8},"end":{"line":67,"column":8}}]},"6":{"line":118,"type":"if","locations":[{"start":{"line":118,"column":8},"end":{"line":118,"column":8}},{"start":{"line":118,"column":8},"end":{"line":118,"column":8}}]},"7":{"line":119,"type":"if","locations":[{"start":{"line":119,"column":8},"end":{"line":119,"column":8}},{"start":{"line":119,"column":8},"end":{"line":119,"column":8}}]},"8":{"line":120,"type":"if","locations":[{"start":{"line":120,"column":8},"end":{"line":120,"column":8}},{"start":{"line":120,"column":8},"end":{"line":120,"column":8}}]},"9":{"line":133,"type":"if","locations":[{"start":{"line":133,"column":8},"end":{"line":133,"column":8}},{"start":{"line":133,"column":8},"end":{"line":133,"column":8}}]},"10":{"line":134,"type":"if","locations":[{"start":{"line":134,"column":8},"end":{"line":134,"column":8}},{"start":{"line":134,"column":8},"end":{"line":134,"column":8}}]}}},
"contracts/LockedPoolzData.sol":{"l":{"9":2,"22":8,"23":8,"24":8},"path":"/mnt/e/OneDrive/Poolz/Locked-pools/contracts/LockedPoolzData.sol","s":{"1":2,"2":8,"3":8,"4":8},"b":{"1":[8,0],"2":[8,0]},"f":{"1":2,"2":8},"fnMap":{"1":{"name":"GetMyPoolsId","line":8,"loc":{"start":{"line":8,"column":4},"end":{"line":10,"column":4}}},"2":{"name":"GetPoolData","line":12,"loc":{"start":{"line":12,"column":4},"end":{"line":30,"column":4}}}},"statementMap":{"1":{"start":{"line":9,"column":8},"end":{"line":9,"column":34}},"2":{"start":{"line":22,"column":8},"end":{"line":22,"column":39}},"3":{"start":{"line":23,"column":8},"end":{"line":23,"column":72}},"4":{"start":{"line":24,"column":8},"end":{"line":24,"column":600}}},"branchMap":{"1":{"line":22,"type":"if","locations":[{"start":{"line":22,"column":8},"end":{"line":22,"column":8}},{"start":{"line":22,"column":8},"end":{"line":22,"column":8}}]},"2":{"line":23,"type":"if","locations":[{"start":{"line":23,"column":8},"end":{"line":23,"column":8}},{"start":{"line":23,"column":8},"end":{"line":23,"column":8}}]}}},
"contracts/Manageable.sol":{"l":{"9":5,"10":5,"18":0,"22":0,"25":0,"31":0,"40":0,"44":0,"48":0,"49":0},"path":"/mnt/e/OneDrive/Poolz/Locked-pools/contracts/Manageable.sol","s":{"1":5,"2":5,"3":0,"4":0,"5":0,"6":0,"7":0,"8":0,"9":0,"10":0},"b":{},"f":{"1":5,"2":0,"3":0,"4":0,"5":0,"6":0,"7":0,"8":0},"fnMap":{"1":{"name":"constructor","line":8,"loc":{"start":{"line":8,"column":4},"end":{"line":11,"column":4}}},"2":{"name":"GetMinDuration","line":17,"loc":{"start":{"line":17,"column":4},"end":{"line":19,"column":4}}},"3":{"name":"SetMinDuration","line":21,"loc":{"start":{"line":21,"column":4},"end":{"line":23,"column":4}}},"4":{"name":"GetFee","line":24,"loc":{"start":{"line":24,"column":8},"end":{"line":26,"column":4}}},"5":{"name":"SetFee","line":30,"loc":{"start":{"line":28,"column":4},"end":{"line":32,"column":4}}},"6":{"name":"SetPOZFee","line":38,"loc":{"start":{"line":34,"column":4},"end":{"line":41,"column":4}}},"7":{"name":"WithdrawETHFee","line":43,"loc":{"start":{"line":43,"column":4},"end":{"line":45,"column":4}}},"8":{"name":"WithdrawERC20Fee","line":47,"loc":{"start":{"line":47,"column":4},"end":{"line":50,"column":4}}}},"statementMap":{"1":{"start":{"line":9,"column":8},"end":{"line":9,"column":15}},"2":{"start":{"line":10,"column":8},"end":{"line":10,"column":22}},"3":{"start":{"line":18,"column":8},"end":{"line":18,"column":26}},"4":{"start":{"line":22,"column":8},"end":{"line":22,"column":33}},"5":{"start":{"line":25,"column":8},"end":{"line":25,"column":18}},"6":{"start":{"line":31,"column":8},"end":{"line":31,"column":17}},"7":{"start":{"line":40,"column":8},"end":{"line":40,"column":20}},"8":{"start":{"line":44,"column":8},"end":{"line":44,"column":42}},"9":{"start":{"line":48,"column":8},"end":{"line":48,"column":50}},"10":{"start":{"line":49,"column":8},"end":{"line":49,"column":25}}},"branchMap":{}},
"contracts/PozBenefit.sol":{"l":{"11":5,"12":5,"13":5,"14":5,"23":0,"27":0,"32":0,"40":0,"44":0,"48":0,"52":0,"55":0,"59":0,"60":0},"path":"/mnt/e/OneDrive/Poolz/Locked-pools/contracts/PozBenefit.sol","s":{"1":5,"2":5,"3":5,"4":5,"5":0,"6":0,"7":0,"8":0,"9":0,"10":0,"11":0,"12":0,"13":0,"14":0,"15":0,"16":0,"17":0},"b":{"1":[0,0],"2":[0,0],"3":[0,0]},"f":{"1":5,"2":0,"3":0,"4":0,"5":0,"6":0,"7":0,"8":0,"9":0,"10":0},"fnMap":{"1":{"name":"constructor","line":10,"loc":{"start":{"line":10,"column":4},"end":{"line":15,"column":4}}},"2":{"name":"PercentCheckOk","line":22,"loc":{"start":{"line":22,"column":4},"end":{"line":25,"column":4}}},"3":{"name":"LeftIsBigger","line":26,"loc":{"start":{"line":26,"column":4},"end":{"line":29,"column":4}}},"4":{"name":"GetPozTimer","line":31,"loc":{"start":{"line":31,"column":4},"end":{"line":33,"column":4}}},"5":{"name":"SetPozTimer","line":38,"loc":{"start":{"line":35,"column":4},"end":{"line":41,"column":4}}},"6":{"name":"GetPOZFee","line":43,"loc":{"start":{"line":43,"column":4},"end":{"line":45,"column":4}}},"7":{"name":"GetMinPoz","line":47,"loc":{"start":{"line":47,"column":4},"end":{"line":49,"column":4}}},"8":{"name":"SetMinPoz","line":51,"loc":{"start":{"line":51,"column":4},"end":{"line":53,"column":4}}},"9":{"name":"SetPozAdress","line":54,"loc":{"start":{"line":54,"column":4},"end":{"line":56,"column":4}}},"10":{"name":"IsPOZInvestor","line":58,"loc":{"start":{"line":58,"column":4},"end":{"line":61,"column":4}}}},"statementMap":{"1":{"start":{"line":11,"column":8},"end":{"line":11,"column":18}},"2":{"start":{"line":12,"column":8},"end":{"line":12,"column":22}},"3":{"start":{"line":13,"column":8},"end":{"line":13,"column":18}},"4":{"start":{"line":14,"column":8},"end":{"line":14,"column":33}},"5":{"start":{"line":23,"column":8},"end":{"line":23,"column":857}},"6":{"start":{"line":24,"column":13},"end":{"line":24,"column":34}},"7":{"start":{"line":27,"column":8},"end":{"line":27,"column":987}},"8":{"start":{"line":28,"column":13},"end":{"line":28,"column":32}},"9":{"start":{"line":32,"column":8},"end":{"line":32,"column":23}},"10":{"start":{"line":40,"column":8},"end":{"line":40,"column":27}},"11":{"start":{"line":44,"column":8},"end":{"line":44,"column":21}},"12":{"start":{"line":48,"column":8},"end":{"line":48,"column":21}},"13":{"start":{"line":52,"column":8},"end":{"line":52,"column":23}},"14":{"start":{"line":55,"column":8},"end":{"line":55,"column":33}},"15":{"start":{"line":59,"column":8},"end":{"line":59,"column":52}},"16":{"start":{"line":59,"column":41},"end":{"line":59,"column":52}},"17":{"start":{"line":60,"column":8},"end":{"line":60,"column":113}}},"branchMap":{"1":{"line":23,"type":"if","locations":[{"start":{"line":23,"column":8},"end":{"line":23,"column":8}},{"start":{"line":23,"column":8},"end":{"line":23,"column":8}}]},"2":{"line":27,"type":"if","locations":[{"start":{"line":27,"column":8},"end":{"line":27,"column":8}},{"start":{"line":27,"column":8},"end":{"line":27,"column":8}}]},"3":{"line":59,"type":"if","locations":[{"start":{"line":59,"column":8},"end":{"line":59,"column":8}},{"start":{"line":59,"column":8},"end":{"line":59,"column":8}}]}}},
"contracts/TestToken.sol":{"l":{"33":5,"34":5},"path":"/mnt/e/OneDrive/Poolz/Locked-pools/contracts/TestToken.sol","s":{"1":5,"2":5},"b":{},"f":{"1":5},"fnMap":{"1":{"name":"constructor","line":32,"loc":{"start":{"line":32,"column":4},"end":{"line":35,"column":4}}}},"statementMap":{"1":{"start":{"line":33,"column":8},"end":{"line":33,"column":24}},"2":{"start":{"line":34,"column":8},"end":{"line":34,"column":38}}},"branchMap":{}}}
