{
"contracts/ERC20Helper.sol":{"l":{"15":26,"16":24,"23":1,"24":1,"25":1,"26":1,"29":50,"32":24,"33":24,"34":24,"35":24,"36":24,"39":0,"40":0},"path":"/mnt/e/OneDrive/Poolz/Locked-pools/contracts/ERC20Helper.sol","s":{"1":26,"2":1,"3":1,"4":1,"5":1,"6":50,"7":24,"8":24,"9":24,"10":24,"11":24,"12":0,"13":0,"14":0},"b":{"1":[24,2],"2":[1,0],"3":[24,0],"4":[24,0],"5":[0,0]},"f":{"1":26,"2":1,"3":50,"4":24,"5":0},"fnMap":{"1":{"name":"TestAllownce","line":10,"loc":{"start":{"line":10,"column":4},"end":{"line":17,"column":4}}},"2":{"name":"TransferToken","line":18,"loc":{"start":{"line":18,"column":4},"end":{"line":27,"column":4}}},"3":{"name":"CheckBalance","line":28,"loc":{"start":{"line":28,"column":4},"end":{"line":30,"column":4}}},"4":{"name":"TransferInToken","line":31,"loc":{"start":{"line":31,"column":4},"end":{"line":37,"column":4}}},"5":{"name":"IsERC20","line":38,"loc":{"start":{"line":38,"column":4},"end":{"line":41,"column":4}}}},"statementMap":{"1":{"start":{"line":15,"column":8},"end":{"line":15,"column":88}},"2":{"start":{"line":23,"column":8},"end":{"line":23,"column":64}},"3":{"start":{"line":24,"column":8},"end":{"line":24,"column":51}},"4":{"start":{"line":25,"column":8},"end":{"line":25,"column":48}},"5":{"start":{"line":26,"column":8},"end":{"line":26,"column":89}},"6":{"start":{"line":29,"column":8},"end":{"line":29,"column":48}},"7":{"start":{"line":32,"column":8},"end":{"line":32,"column":65}},"8":{"start":{"line":33,"column":8},"end":{"line":33,"column":64}},"9":{"start":{"line":34,"column":8},"end":{"line":34,"column":67}},"10":{"start":{"line":35,"column":8},"end":{"line":35,"column":50}},"11":{"start":{"line":36,"column":8},"end":{"line":36,"column":87}},"12":{"start":{"line":39,"column":8},"end":{"line":39,"column":66}},"13":{"start":{"line":39,"column":55},"end":{"line":39,"column":66}},"14":{"start":{"line":40,"column":8},"end":{"line":40,"column":20}}},"branchMap":{"1":{"line":15,"type":"if","locations":[{"start":{"line":15,"column":8},"end":{"line":15,"column":8}},{"start":{"line":15,"column":8},"end":{"line":15,"column":8}}]},"2":{"line":26,"type":"if","locations":[{"start":{"line":26,"column":8},"end":{"line":26,"column":8}},{"start":{"line":26,"column":8},"end":{"line":26,"column":8}}]},"3":{"line":32,"type":"if","locations":[{"start":{"line":32,"column":8},"end":{"line":32,"column":8}},{"start":{"line":32,"column":8},"end":{"line":32,"column":8}}]},"4":{"line":36,"type":"if","locations":[{"start":{"line":36,"column":8},"end":{"line":36,"column":8}},{"start":{"line":36,"column":8},"end":{"line":36,"column":8}}]},"5":{"line":39,"type":"if","locations":[{"start":{"line":39,"column":8},"end":{"line":39,"column":8}},{"start":{"line":39,"column":8},"end":{"line":39,"column":8}}]}}},
"contracts/IPozBenefit.sol":{"l":{},"path":"/mnt/e/OneDrive/Poolz/Locked-pools/contracts/IPozBenefit.sol","s":{},"b":{},"f":{},"fnMap":{},"statementMap":{},"branchMap":{}},
"contracts/IWhiteList.sol":{"l":{},"path":"/mnt/e/OneDrive/Poolz/Locked-pools/contracts/IWhiteList.sol","s":{},"b":{},"f":{},"fnMap":{},"statementMap":{},"branchMap":{}},
"contracts/LockedDeal.sol":{"l":{"8":7,"14":0,"15":0,"16":0,"17":0,"18":0,"21":0,"22":0,"25":0,"31":2,"36":1,"41":1,"42":1,"44":1},"path":"/mnt/e/OneDrive/Poolz/Locked-pools/contracts/LockedDeal.sol","s":{"1":7,"2":0,"3":0,"4":0,"5":0,"6":0,"7":0,"8":0,"9":0,"10":2,"11":1,"12":1,"13":1,"14":1},"b":{"1":[0,0],"2":[0,0],"3":[1,1]},"f":{"1":7,"2":0,"3":2},"fnMap":{"1":{"name":"constructor","line":7,"loc":{"start":{"line":7,"column":4},"end":{"line":9,"column":4}}},"2":{"name":"Work","line":13,"loc":{"start":{"line":13,"column":4},"end":{"line":26,"column":4}}},"3":{"name":"WithdrawToken","line":29,"loc":{"start":{"line":29,"column":4},"end":{"line":45,"column":4}}}},"statementMap":{"1":{"start":{"line":8,"column":8},"end":{"line":8,"column":21}},"2":{"start":{"line":14,"column":8},"end":{"line":14,"column":28}},"3":{"start":{"line":15,"column":8},"end":{"line":15,"column":28}},"4":{"start":{"line":16,"column":8},"end":{"line":16,"column":358}},"5":{"start":{"line":17,"column":12},"end":{"line":17,"column":48}},"6":{"start":{"line":18,"column":12},"end":{"line":18,"column":484}},"7":{"start":{"line":21,"column":16},"end":{"line":21,"column":31}},"8":{"start":{"line":22,"column":16},"end":{"line":22,"column":37}},"9":{"start":{"line":25,"column":8},"end":{"line":25,"column":23}},"10":{"start":{"line":31,"column":8},"end":{"line":31,"column":936}},"11":{"start":{"line":36,"column":12},"end":{"line":36,"column":1092}},"12":{"start":{"line":41,"column":12},"end":{"line":41,"column":39}},"13":{"start":{"line":42,"column":12},"end":{"line":42,"column":23}},"14":{"start":{"line":44,"column":8},"end":{"line":44,"column":20}}},"branchMap":{"1":{"line":17,"type":"if","locations":[{"start":{"line":17,"column":12},"end":{"line":17,"column":12}},{"start":{"line":17,"column":12},"end":{"line":17,"column":12}}]},"2":{"line":18,"type":"if","locations":[{"start":{"line":18,"column":12},"end":{"line":18,"column":12}},{"start":{"line":18,"column":12},"end":{"line":18,"column":12}}]},"3":{"line":31,"type":"if","locations":[{"start":{"line":31,"column":8},"end":{"line":31,"column":8}},{"start":{"line":31,"column":8},"end":{"line":31,"column":8}}]}}},
"contracts/LockedPoolz.sol":{"l":{"9":7,"36":28,"37":28,"41":11,"42":9,"46":9,"47":7,"51":32,"52":28,"56":13,"57":11,"61":6,"62":2,"69":1,"70":1,"71":1,"75":4,"76":4,"77":2,"78":2,"79":2,"86":3,"94":1,"105":26,"106":26,"107":26,"108":26,"117":26,"118":24,"128":1,"129":1,"130":1,"131":5,"146":1,"147":1,"148":1,"149":5,"150":15},"path":"/mnt/e/OneDrive/Poolz/Locked-pools/contracts/LockedPoolz.sol","s":{"1":7,"2":28,"3":11,"4":9,"5":32,"6":13,"7":6,"8":1,"9":1,"10":1,"11":4,"12":4,"13":2,"14":2,"15":2,"16":3,"17":1,"18":26,"19":26,"20":26,"21":26,"22":26,"23":24,"24":1,"25":1,"26":1,"27":5,"28":1,"29":1,"30":1,"31":5,"32":15},"b":{"1":[28,0],"2":[9,2],"3":[7,2],"4":[28,4],"5":[11,2],"6":[2,4],"7":[2,2],"8":[1,0],"9":[1,0],"10":[1,0],"11":[1,0]},"f":{"1":7,"2":28,"3":11,"4":9,"5":32,"6":13,"7":6,"8":1,"9":4,"10":3,"11":1,"12":26,"13":26,"14":1,"15":1},"fnMap":{"1":{"name":"constructor","line":8,"loc":{"start":{"line":8,"column":4},"end":{"line":10,"column":4}}},"2":{"name":"isTokenValid","line":34,"loc":{"start":{"line":34,"column":4},"end":{"line":38,"column":4}}},"3":{"name":"isPoolOwner","line":40,"loc":{"start":{"line":40,"column":4},"end":{"line":43,"column":4}}},"4":{"name":"isLocked","line":45,"loc":{"start":{"line":45,"column":4},"end":{"line":48,"column":4}}},"5":{"name":"notZeroAddress","line":50,"loc":{"start":{"line":50,"column":4},"end":{"line":53,"column":4}}},"6":{"name":"isGreaterThanZero","line":55,"loc":{"start":{"line":55,"column":4},"end":{"line":58,"column":4}}},"7":{"name":"isBelowLimit","line":60,"loc":{"start":{"line":60,"column":4},"end":{"line":63,"column":4}}},"8":{"name":"TransferPoolOwnership","line":68,"loc":{"start":{"line":65,"column":4},"end":{"line":72,"column":4}}},"9":{"name":"SplitPool","line":74,"loc":{"start":{"line":74,"column":4},"end":{"line":80,"column":4}}},"10":{"name":"SplitPoolAmount","line":85,"loc":{"start":{"line":82,"column":4},"end":{"line":87,"column":4}}},"11":{"name":"ApproveAllowance","line":93,"loc":{"start":{"line":89,"column":4},"end":{"line":95,"column":4}}},"12":{"name":"CreatePool","line":98,"loc":{"start":{"line":98,"column":4},"end":{"line":109,"column":4}}},"13":{"name":"CreateNewPool","line":116,"loc":{"start":{"line":111,"column":4},"end":{"line":119,"column":4}}},"14":{"name":"CreateMassPools","line":126,"loc":{"start":{"line":121,"column":4},"end":{"line":133,"column":4}}},"15":{"name":"CreatePoolsWrtTime","line":144,"loc":{"start":{"line":136,"column":4},"end":{"line":153,"column":4}}}},"statementMap":{"1":{"start":{"line":9,"column":8},"end":{"line":9,"column":16}},"2":{"start":{"line":36,"column":8},"end":{"line":36,"column":68}},"3":{"start":{"line":41,"column":8},"end":{"line":41,"column":79}},"4":{"start":{"line":46,"column":8},"end":{"line":46,"column":70}},"5":{"start":{"line":51,"column":8},"end":{"line":51,"column":71}},"6":{"start":{"line":56,"column":8},"end":{"line":56,"column":68}},"7":{"start":{"line":61,"column":8},"end":{"line":61,"column":78}},"8":{"start":{"line":69,"column":8},"end":{"line":69,"column":45}},"9":{"start":{"line":70,"column":8},"end":{"line":70,"column":29}},"10":{"start":{"line":71,"column":8},"end":{"line":71,"column":68}},"11":{"start":{"line":75,"column":8},"end":{"line":75,"column":45}},"12":{"start":{"line":76,"column":8},"end":{"line":76,"column":70}},"13":{"start":{"line":77,"column":8},"end":{"line":77,"column":66}},"14":{"start":{"line":78,"column":8},"end":{"line":78,"column":31}},"15":{"start":{"line":79,"column":8},"end":{"line":79,"column":69}},"16":{"start":{"line":86,"column":8},"end":{"line":86,"column":49}},"17":{"start":{"line":94,"column":8},"end":{"line":94,"column":48}},"18":{"start":{"line":105,"column":8},"end":{"line":105,"column":72}},"19":{"start":{"line":106,"column":8},"end":{"line":106,"column":34}},"20":{"start":{"line":107,"column":8},"end":{"line":107,"column":77}},"21":{"start":{"line":108,"column":8},"end":{"line":108,"column":37}},"22":{"start":{"line":117,"column":8},"end":{"line":117,"column":56}},"23":{"start":{"line":118,"column":8},"end":{"line":118,"column":60}},"24":{"start":{"line":128,"column":8},"end":{"line":128,"column":73}},"25":{"start":{"line":129,"column":8},"end":{"line":129,"column":76}},"26":{"start":{"line":130,"column":8},"end":{"line":130,"column":4456}},"27":{"start":{"line":131,"column":12},"end":{"line":131,"column":76}},"28":{"start":{"line":146,"column":8},"end":{"line":146,"column":97}},"29":{"start":{"line":147,"column":8},"end":{"line":147,"column":76}},"30":{"start":{"line":148,"column":8},"end":{"line":148,"column":5166}},"31":{"start":{"line":149,"column":12},"end":{"line":149,"column":5228}},"32":{"start":{"line":150,"column":16},"end":{"line":150,"column":80}}},"branchMap":{"1":{"line":36,"type":"if","locations":[{"start":{"line":36,"column":8},"end":{"line":36,"column":8}},{"start":{"line":36,"column":8},"end":{"line":36,"column":8}}]},"2":{"line":41,"type":"if","locations":[{"start":{"line":41,"column":8},"end":{"line":41,"column":8}},{"start":{"line":41,"column":8},"end":{"line":41,"column":8}}]},"3":{"line":46,"type":"if","locations":[{"start":{"line":46,"column":8},"end":{"line":46,"column":8}},{"start":{"line":46,"column":8},"end":{"line":46,"column":8}}]},"4":{"line":51,"type":"if","locations":[{"start":{"line":51,"column":8},"end":{"line":51,"column":8}},{"start":{"line":51,"column":8},"end":{"line":51,"column":8}}]},"5":{"line":56,"type":"if","locations":[{"start":{"line":56,"column":8},"end":{"line":56,"column":8}},{"start":{"line":56,"column":8},"end":{"line":56,"column":8}}]},"6":{"line":61,"type":"if","locations":[{"start":{"line":61,"column":8},"end":{"line":61,"column":8}},{"start":{"line":61,"column":8},"end":{"line":61,"column":8}}]},"7":{"line":76,"type":"if","locations":[{"start":{"line":76,"column":8},"end":{"line":76,"column":8}},{"start":{"line":76,"column":8},"end":{"line":76,"column":8}}]},"8":{"line":128,"type":"if","locations":[{"start":{"line":128,"column":8},"end":{"line":128,"column":8}},{"start":{"line":128,"column":8},"end":{"line":128,"column":8}}]},"9":{"line":129,"type":"if","locations":[{"start":{"line":129,"column":8},"end":{"line":129,"column":8}},{"start":{"line":129,"column":8},"end":{"line":129,"column":8}}]},"10":{"line":146,"type":"if","locations":[{"start":{"line":146,"column":8},"end":{"line":146,"column":8}},{"start":{"line":146,"column":8},"end":{"line":146,"column":8}}]},"11":{"line":147,"type":"if","locations":[{"start":{"line":147,"column":8},"end":{"line":147,"column":8}},{"start":{"line":147,"column":8},"end":{"line":147,"column":8}}]}}},
"contracts/LockedPoolzData.sol":{"l":{"8":2,"21":8,"22":8,"23":8},"path":"/mnt/e/OneDrive/Poolz/Locked-pools/contracts/LockedPoolzData.sol","s":{"1":2,"2":8,"3":8,"4":8},"b":{"1":[8,0],"2":[8,0]},"f":{"1":2,"2":8},"fnMap":{"1":{"name":"GetMyPoolsId","line":7,"loc":{"start":{"line":7,"column":4},"end":{"line":9,"column":4}}},"2":{"name":"GetPoolData","line":11,"loc":{"start":{"line":11,"column":4},"end":{"line":29,"column":4}}}},"statementMap":{"1":{"start":{"line":8,"column":8},"end":{"line":8,"column":34}},"2":{"start":{"line":21,"column":8},"end":{"line":21,"column":39}},"3":{"start":{"line":22,"column":8},"end":{"line":22,"column":72}},"4":{"start":{"line":23,"column":8},"end":{"line":23,"column":566}}},"branchMap":{"1":{"line":21,"type":"if","locations":[{"start":{"line":21,"column":8},"end":{"line":21,"column":8}},{"start":{"line":21,"column":8},"end":{"line":21,"column":8}}]},"2":{"line":22,"type":"if","locations":[{"start":{"line":22,"column":8},"end":{"line":22,"column":8}},{"start":{"line":22,"column":8},"end":{"line":22,"column":8}}]}}},
"contracts/Manageable.sol":{"l":{"10":7,"11":7,"12":7,"25":1,"29":1,"33":1,"37":28,"41":1,"45":0,"49":0,"52":0,"58":0,"67":0,"71":0,"75":0,"76":0},"path":"/mnt/e/OneDrive/Poolz/Locked-pools/contracts/Manageable.sol","s":{"1":7,"2":7,"3":7,"4":1,"5":1,"6":1,"7":28,"8":1,"9":0,"10":0,"11":0,"12":0,"13":0,"14":0,"15":0,"16":0},"b":{},"f":{"1":7,"2":1,"3":1,"4":1,"5":28,"6":1,"7":0,"8":0,"9":0,"10":0,"11":0,"12":0,"13":0},"fnMap":{"1":{"name":"constructor","line":9,"loc":{"start":{"line":9,"column":4},"end":{"line":13,"column":4}}},"2":{"name":"setWhiteListAddress","line":24,"loc":{"start":{"line":24,"column":4},"end":{"line":26,"column":4}}},"3":{"name":"setWhiteListId","line":28,"loc":{"start":{"line":28,"column":4},"end":{"line":30,"column":4}}},"4":{"name":"swapTokenFilter","line":32,"loc":{"start":{"line":32,"column":4},"end":{"line":34,"column":4}}},"5":{"name":"isTokenWhiteListed","line":36,"loc":{"start":{"line":36,"column":4},"end":{"line":38,"column":4}}},"6":{"name":"setMaxTransactionLimit","line":40,"loc":{"start":{"line":40,"column":4},"end":{"line":42,"column":4}}},"7":{"name":"GetMinDuration","line":44,"loc":{"start":{"line":44,"column":4},"end":{"line":46,"column":4}}},"8":{"name":"SetMinDuration","line":48,"loc":{"start":{"line":48,"column":4},"end":{"line":50,"column":4}}},"9":{"name":"GetFee","line":51,"loc":{"start":{"line":51,"column":8},"end":{"line":53,"column":4}}},"10":{"name":"SetFee","line":57,"loc":{"start":{"line":55,"column":4},"end":{"line":59,"column":4}}},"11":{"name":"SetPOZFee","line":65,"loc":{"start":{"line":61,"column":4},"end":{"line":68,"column":4}}},"12":{"name":"WithdrawETHFee","line":70,"loc":{"start":{"line":70,"column":4},"end":{"line":72,"column":4}}},"13":{"name":"WithdrawERC20Fee","line":74,"loc":{"start":{"line":74,"column":4},"end":{"line":77,"column":4}}}},"statementMap":{"1":{"start":{"line":10,"column":8},"end":{"line":10,"column":15}},"2":{"start":{"line":11,"column":8},"end":{"line":11,"column":22}},"3":{"start":{"line":12,"column":8},"end":{"line":12,"column":32}},"4":{"start":{"line":25,"column":8},"end":{"line":25,"column":35}},"5":{"start":{"line":29,"column":8},"end":{"line":29,"column":23}},"6":{"start":{"line":33,"column":8},"end":{"line":33,"column":41}},"7":{"start":{"line":37,"column":8},"end":{"line":37,"column":102}},"8":{"start":{"line":41,"column":8},"end":{"line":41,"column":38}},"9":{"start":{"line":45,"column":8},"end":{"line":45,"column":26}},"10":{"start":{"line":49,"column":8},"end":{"line":49,"column":33}},"11":{"start":{"line":52,"column":8},"end":{"line":52,"column":18}},"12":{"start":{"line":58,"column":8},"end":{"line":58,"column":17}},"13":{"start":{"line":67,"column":8},"end":{"line":67,"column":20}},"14":{"start":{"line":71,"column":8},"end":{"line":71,"column":42}},"15":{"start":{"line":75,"column":8},"end":{"line":75,"column":50}},"16":{"start":{"line":76,"column":8},"end":{"line":76,"column":25}}},"branchMap":{}},
"contracts/PozBenefit.sol":{"l":{"11":7,"12":7,"13":7,"14":7,"23":0,"27":0,"32":0,"40":0,"44":0,"48":0,"52":0,"55":0,"59":0,"60":0},"path":"/mnt/e/OneDrive/Poolz/Locked-pools/contracts/PozBenefit.sol","s":{"1":7,"2":7,"3":7,"4":7,"5":0,"6":0,"7":0,"8":0,"9":0,"10":0,"11":0,"12":0,"13":0,"14":0,"15":0,"16":0,"17":0},"b":{"1":[0,0],"2":[0,0],"3":[0,0]},"f":{"1":7,"2":0,"3":0,"4":0,"5":0,"6":0,"7":0,"8":0,"9":0,"10":0},"fnMap":{"1":{"name":"constructor","line":10,"loc":{"start":{"line":10,"column":4},"end":{"line":15,"column":4}}},"2":{"name":"PercentCheckOk","line":22,"loc":{"start":{"line":22,"column":4},"end":{"line":25,"column":4}}},"3":{"name":"LeftIsBigger","line":26,"loc":{"start":{"line":26,"column":4},"end":{"line":29,"column":4}}},"4":{"name":"GetPozTimer","line":31,"loc":{"start":{"line":31,"column":4},"end":{"line":33,"column":4}}},"5":{"name":"SetPozTimer","line":38,"loc":{"start":{"line":35,"column":4},"end":{"line":41,"column":4}}},"6":{"name":"GetPOZFee","line":43,"loc":{"start":{"line":43,"column":4},"end":{"line":45,"column":4}}},"7":{"name":"GetMinPoz","line":47,"loc":{"start":{"line":47,"column":4},"end":{"line":49,"column":4}}},"8":{"name":"SetMinPoz","line":51,"loc":{"start":{"line":51,"column":4},"end":{"line":53,"column":4}}},"9":{"name":"SetPozAdress","line":54,"loc":{"start":{"line":54,"column":4},"end":{"line":56,"column":4}}},"10":{"name":"IsPOZInvestor","line":58,"loc":{"start":{"line":58,"column":4},"end":{"line":61,"column":4}}}},"statementMap":{"1":{"start":{"line":11,"column":8},"end":{"line":11,"column":18}},"2":{"start":{"line":12,"column":8},"end":{"line":12,"column":22}},"3":{"start":{"line":13,"column":8},"end":{"line":13,"column":18}},"4":{"start":{"line":14,"column":8},"end":{"line":14,"column":33}},"5":{"start":{"line":23,"column":8},"end":{"line":23,"column":857}},"6":{"start":{"line":24,"column":13},"end":{"line":24,"column":34}},"7":{"start":{"line":27,"column":8},"end":{"line":27,"column":987}},"8":{"start":{"line":28,"column":13},"end":{"line":28,"column":32}},"9":{"start":{"line":32,"column":8},"end":{"line":32,"column":23}},"10":{"start":{"line":40,"column":8},"end":{"line":40,"column":27}},"11":{"start":{"line":44,"column":8},"end":{"line":44,"column":21}},"12":{"start":{"line":48,"column":8},"end":{"line":48,"column":21}},"13":{"start":{"line":52,"column":8},"end":{"line":52,"column":23}},"14":{"start":{"line":55,"column":8},"end":{"line":55,"column":33}},"15":{"start":{"line":59,"column":8},"end":{"line":59,"column":52}},"16":{"start":{"line":59,"column":41},"end":{"line":59,"column":52}},"17":{"start":{"line":60,"column":8},"end":{"line":60,"column":113}}},"branchMap":{"1":{"line":23,"type":"if","locations":[{"start":{"line":23,"column":8},"end":{"line":23,"column":8}},{"start":{"line":23,"column":8},"end":{"line":23,"column":8}}]},"2":{"line":27,"type":"if","locations":[{"start":{"line":27,"column":8},"end":{"line":27,"column":8}},{"start":{"line":27,"column":8},"end":{"line":27,"column":8}}]},"3":{"line":59,"type":"if","locations":[{"start":{"line":59,"column":8},"end":{"line":59,"column":8}},{"start":{"line":59,"column":8},"end":{"line":59,"column":8}}]}}},
"contracts/TestToken.sol":{"l":{"33":6,"34":6},"path":"/mnt/e/OneDrive/Poolz/Locked-pools/contracts/TestToken.sol","s":{"1":6,"2":6},"b":{},"f":{"1":6},"fnMap":{"1":{"name":"constructor","line":32,"loc":{"start":{"line":32,"column":4},"end":{"line":35,"column":4}}}},"statementMap":{"1":{"start":{"line":33,"column":8},"end":{"line":33,"column":24}},"2":{"start":{"line":34,"column":8},"end":{"line":34,"column":38}}},"branchMap":{}}}
