TN:
SF:C:\Users\Administrator\Desktop\Code\LockedPoolz\contracts\ERC20Helper.sol
FN:9,TestAllownce
FN:17,TransferToken
FN:25,CheckBalance
FN:28,TransferInToken
FN:32,IsERC20
FNF:5
FNH:4
FNDA:2,TestAllownce
FNDA:1,TransferToken
FNDA:0,CheckBalance
FNDA:2,TransferInToken
FNDA:2,IsERC20
DA:14,2
DA:22,1
DA:23,1
DA:26,0
DA:29,2
DA:30,2
DA:33,2
DA:34,0
LF:8
LH:6
BRDA:14,1,0,2
BRDA:14,1,1,0
BRDA:33,2,0,2
BRDA:33,2,1,0
BRF:4
BRH:2
end_of_record
TN:
SF:C:\Users\Administrator\Desktop\Code\LockedPoolz\contracts\IPozBenefit.sol
FNF:0
FNH:0
LF:0
LH:0
BRF:0
BRH:0
end_of_record
TN:
SF:C:\Users\Administrator\Desktop\Code\LockedPoolz\contracts\LockedPoolz.sol
FN:8,constructor
FN:24,CreatePool
FNF:2
FNH:2
FNDA:3,constructor
FNDA:2,CreatePool
DA:9,3
DA:30,2
DA:31,2
DA:32,2
DA:34,2
DA:35,2
DA:36,2
LF:7
LH:7
BRDA:30,1,0,2
BRDA:30,1,1,0
BRDA:31,2,0,2
BRDA:31,2,1,0
BRF:4
BRH:2
end_of_record
TN:
SF:C:\Users\Administrator\Desktop\Code\LockedPoolz\contracts\LockedPoolzData.sol
FN:7,GetMyPoolsId
FN:11,GetPoolData
FNF:2
FNH:1
FNDA:2,GetMyPoolsId
FNDA:0,GetPoolData
DA:8,2
DA:21,0
DA:22,0
DA:23,0
LF:4
LH:1
BRDA:21,1,0,0
BRDA:21,1,1,0
BRDA:22,2,0,0
BRDA:22,2,1,0
BRF:4
BRH:0
end_of_record
TN:
SF:C:\Users\Administrator\Desktop\Code\LockedPoolz\contracts\Manageable.sol
FN:8,constructor
FN:17,GetMinDuration
FN:21,SetMinDuration
FN:24,GetFee
FN:30,SetFee
FN:38,SetPOZFee
FN:43,WithdrawETHFee
FN:47,WithdrawERC20Fee
FNF:8
FNH:1
FNDA:3,constructor
FNDA:0,GetMinDuration
FNDA:0,SetMinDuration
FNDA:0,GetFee
FNDA:0,SetFee
FNDA:0,SetPOZFee
FNDA:0,WithdrawETHFee
FNDA:0,WithdrawERC20Fee
DA:9,3
DA:10,3
DA:18,0
DA:22,0
DA:25,0
DA:31,0
DA:40,0
DA:44,0
DA:48,0
DA:49,0
LF:10
LH:2
BRF:0
BRH:0
end_of_record
TN:
SF:C:\Users\Administrator\Desktop\Code\LockedPoolz\contracts\PozBenefit.sol
FN:9,constructor
FN:21,PercentCheckOk
FN:25,LeftIsBigger
FN:30,GetPozTimer
FN:37,SetPozTimer
FN:42,GetPOZFee
FN:46,GetMinPoz
FN:50,SetMinPoz
FN:53,SetPozAdress
FN:57,IsPOZInvestor
FNF:10
FNH:1
FNDA:3,constructor
FNDA:0,PercentCheckOk
FNDA:0,LeftIsBigger
FNDA:0,GetPozTimer
FNDA:0,SetPozTimer
FNDA:0,GetPOZFee
FNDA:0,GetMinPoz
FNDA:0,SetMinPoz
FNDA:0,SetPozAdress
FNDA:0,IsPOZInvestor
DA:10,3
DA:11,3
DA:12,3
DA:13,3
DA:22,0
DA:26,0
DA:31,0
DA:39,0
DA:43,0
DA:47,0
DA:51,0
DA:54,0
DA:58,0
DA:59,0
LF:14
LH:4
BRDA:22,1,0,0
BRDA:22,1,1,0
BRDA:26,2,0,0
BRDA:26,2,1,0
BRDA:58,3,0,0
BRDA:58,3,1,0
BRF:6
BRH:0
end_of_record
TN:
SF:C:\Users\Administrator\Desktop\Code\LockedPoolz\contracts\TestToken.sol
FN:20,constructor
FNF:1
FNH:1
FNDA:3,constructor
DA:21,3
DA:22,3
DA:23,3
DA:24,3
DA:26,3
DA:27,3
DA:29,3
LF:7
LH:7
BRF:0
BRH:0
end_of_record
TN:
SF:C:\Users\Administrator\Desktop\Code\LockedPoolz\contracts\TrustSwap.sol
FN:7,constructor
FN:13,Work
FN:29,WithdrawToken
FNF:3
FNH:2
FNDA:3,constructor
FNDA:0,Work
FNDA:2,WithdrawToken
DA:8,3
DA:14,0
DA:15,0
DA:16,0
DA:17,0
DA:18,0
DA:21,0
DA:22,0
DA:25,0
DA:31,2
DA:36,1
DA:41,1
DA:42,1
DA:44,1
LF:14
LH:6
BRDA:17,1,0,0
BRDA:17,1,1,0
BRDA:18,2,0,0
BRDA:18,2,1,0
BRDA:31,3,0,1
BRDA:31,3,1,1
BRF:6
BRH:2
end_of_record
