TN:
SF:/mnt/e/OneDrive/Poolz/Locked-pools/contracts/ERC20Helper.sol
FN:10,TestAllownce
FN:18,TransferToken
FN:28,CheckBalance
FN:31,TransferInToken
FN:38,IsERC20
FNF:5
FNH:4
FNDA:26,TestAllownce
FNDA:1,TransferToken
FNDA:50,CheckBalance
FNDA:24,TransferInToken
FNDA:0,IsERC20
DA:15,26
DA:16,24
DA:23,1
DA:24,1
DA:25,1
DA:26,1
DA:29,50
DA:32,24
DA:33,24
DA:34,24
DA:35,24
DA:36,24
DA:39,0
DA:40,0
LF:14
LH:12
BRDA:15,1,0,24
BRDA:15,1,1,2
BRDA:26,2,0,1
BRDA:26,2,1,0
BRDA:32,3,0,24
BRDA:32,3,1,0
BRDA:36,4,0,24
BRDA:36,4,1,0
BRDA:39,5,0,0
BRDA:39,5,1,0
BRF:10
BRH:5
end_of_record
TN:
SF:/mnt/e/OneDrive/Poolz/Locked-pools/contracts/IPozBenefit.sol
FNF:0
FNH:0
LF:0
LH:0
BRF:0
BRH:0
end_of_record
TN:
SF:/mnt/e/OneDrive/Poolz/Locked-pools/contracts/IWhiteList.sol
FNF:0
FNH:0
LF:0
LH:0
BRF:0
BRH:0
end_of_record
TN:
SF:/mnt/e/OneDrive/Poolz/Locked-pools/contracts/LockedDeal.sol
FN:7,constructor
FN:13,Work
FN:29,WithdrawToken
FNF:3
FNH:2
FNDA:7,constructor
FNDA:0,Work
FNDA:2,WithdrawToken
DA:8,7
DA:14,0
DA:15,0
DA:16,0
DA:17,0
DA:18,0
DA:21,0
DA:22,0
DA:25,0
DA:31,2
DA:36,1
DA:41,1
DA:42,1
DA:44,1
LF:14
LH:6
BRDA:17,1,0,0
BRDA:17,1,1,0
BRDA:18,2,0,0
BRDA:18,2,1,0
BRDA:31,3,0,1
BRDA:31,3,1,1
BRF:6
BRH:2
end_of_record
TN:
SF:/mnt/e/OneDrive/Poolz/Locked-pools/contracts/LockedPoolz.sol
FN:8,constructor
FN:34,isTokenValid
FN:40,isPoolOwner
FN:45,isLocked
FN:50,notZeroAddress
FN:55,isGreaterThanZero
FN:60,isBelowLimit
FN:68,TransferPoolOwnership
FN:74,SplitPool
FN:85,SplitPoolAmount
FN:93,ApproveAllowance
FN:98,CreatePool
FN:116,CreateNewPool
FN:126,CreateMassPools
FN:144,CreatePoolsWrtTime
FNF:15
FNH:15
FNDA:7,constructor
FNDA:28,isTokenValid
FNDA:11,isPoolOwner
FNDA:9,isLocked
FNDA:32,notZeroAddress
FNDA:13,isGreaterThanZero
FNDA:6,isBelowLimit
FNDA:1,TransferPoolOwnership
FNDA:4,SplitPool
FNDA:3,SplitPoolAmount
FNDA:1,ApproveAllowance
FNDA:26,CreatePool
FNDA:26,CreateNewPool
FNDA:1,CreateMassPools
FNDA:1,CreatePoolsWrtTime
DA:9,7
DA:36,28
DA:37,28
DA:41,11
DA:42,9
DA:46,9
DA:47,7
DA:51,32
DA:52,28
DA:56,13
DA:57,11
DA:61,6
DA:62,2
DA:69,1
DA:70,1
DA:71,1
DA:75,4
DA:76,4
DA:77,2
DA:78,2
DA:79,2
DA:86,3
DA:94,1
DA:105,26
DA:106,26
DA:107,26
DA:108,26
DA:117,26
DA:118,24
DA:128,1
DA:129,1
DA:130,1
DA:131,5
DA:146,1
DA:147,1
DA:148,1
DA:149,5
DA:150,15
LF:38
LH:38
BRDA:36,1,0,28
BRDA:36,1,1,0
BRDA:41,2,0,9
BRDA:41,2,1,2
BRDA:46,3,0,7
BRDA:46,3,1,2
BRDA:51,4,0,28
BRDA:51,4,1,4
BRDA:56,5,0,11
BRDA:56,5,1,2
BRDA:61,6,0,2
BRDA:61,6,1,4
BRDA:76,7,0,2
BRDA:76,7,1,2
BRDA:128,8,0,1
BRDA:128,8,1,0
BRDA:129,9,0,1
BRDA:129,9,1,0
BRDA:146,10,0,1
BRDA:146,10,1,0
BRDA:147,11,0,1
BRDA:147,11,1,0
BRF:22
BRH:17
end_of_record
TN:
SF:/mnt/e/OneDrive/Poolz/Locked-pools/contracts/LockedPoolzData.sol
FN:7,GetMyPoolsId
FN:11,GetPoolData
FNF:2
FNH:2
FNDA:2,GetMyPoolsId
FNDA:8,GetPoolData
DA:8,2
DA:21,8
DA:22,8
DA:23,8
LF:4
LH:4
BRDA:21,1,0,8
BRDA:21,1,1,0
BRDA:22,2,0,8
BRDA:22,2,1,0
BRF:4
BRH:2
end_of_record
TN:
SF:/mnt/e/OneDrive/Poolz/Locked-pools/contracts/Manageable.sol
FN:9,constructor
FN:24,setWhiteListAddress
FN:28,setWhiteListId
FN:32,swapTokenFilter
FN:36,isTokenWhiteListed
FN:40,setMaxTransactionLimit
FN:44,GetMinDuration
FN:48,SetMinDuration
FN:51,GetFee
FN:57,SetFee
FN:65,SetPOZFee
FN:70,WithdrawETHFee
FN:74,WithdrawERC20Fee
FNF:13
FNH:6
FNDA:7,constructor
FNDA:1,setWhiteListAddress
FNDA:1,setWhiteListId
FNDA:1,swapTokenFilter
FNDA:28,isTokenWhiteListed
FNDA:1,setMaxTransactionLimit
FNDA:0,GetMinDuration
FNDA:0,SetMinDuration
FNDA:0,GetFee
FNDA:0,SetFee
FNDA:0,SetPOZFee
FNDA:0,WithdrawETHFee
FNDA:0,WithdrawERC20Fee
DA:10,7
DA:11,7
DA:12,7
DA:25,1
DA:29,1
DA:33,1
DA:37,28
DA:41,1
DA:45,0
DA:49,0
DA:52,0
DA:58,0
DA:67,0
DA:71,0
DA:75,0
DA:76,0
LF:16
LH:8
BRF:0
BRH:0
end_of_record
TN:
SF:/mnt/e/OneDrive/Poolz/Locked-pools/contracts/PozBenefit.sol
FN:10,constructor
FN:22,PercentCheckOk
FN:26,LeftIsBigger
FN:31,GetPozTimer
FN:38,SetPozTimer
FN:43,GetPOZFee
FN:47,GetMinPoz
FN:51,SetMinPoz
FN:54,SetPozAdress
FN:58,IsPOZInvestor
FNF:10
FNH:1
FNDA:7,constructor
FNDA:0,PercentCheckOk
FNDA:0,LeftIsBigger
FNDA:0,GetPozTimer
FNDA:0,SetPozTimer
FNDA:0,GetPOZFee
FNDA:0,GetMinPoz
FNDA:0,SetMinPoz
FNDA:0,SetPozAdress
FNDA:0,IsPOZInvestor
DA:11,7
DA:12,7
DA:13,7
DA:14,7
DA:23,0
DA:27,0
DA:32,0
DA:40,0
DA:44,0
DA:48,0
DA:52,0
DA:55,0
DA:59,0
DA:60,0
LF:14
LH:4
BRDA:23,1,0,0
BRDA:23,1,1,0
BRDA:27,2,0,0
BRDA:27,2,1,0
BRDA:59,3,0,0
BRDA:59,3,1,0
BRF:6
BRH:0
end_of_record
TN:
SF:/mnt/e/OneDrive/Poolz/Locked-pools/contracts/TestToken.sol
FN:32,constructor
FNF:1
FNH:1
FNDA:6,constructor
DA:33,6
DA:34,6
LF:2
LH:2
BRF:0
BRH:0
end_of_record
